[ 2017-11-16T19:05:06+08:00 ] 127.0.0.1 127.0.0.1 GET /
[ log ] www.ttt.com/ [运行时间：1.976281s][吞吐率：0.51req/s] [内存消耗：2,851.60kb] [文件加载：53]
[ info ] [ LANG ] D:\phpStudy\WWW\new\dzcms\thinkphp\lang\zh-cn.php
[ info ] [ ROUTE ] array (
  'type' => 'module',
  'module' => 
  array (
    0 => '',
    1 => NULL,
    2 => NULL,
  ),
)
[ info ] [ HEADER ] array (
  'host' => 'www.ttt.com',
  'user-agent' => 'Mozilla/5.0 (Windows NT 10.0; Win64; x64; rv:56.0) Gecko/20100101 Firefox/56.0',
  'accept' => 'text/html,application/xhtml+xml,application/xml;q=0.9,*/*;q=0.8',
  'accept-language' => 'zh-CN,zh;q=0.8,en-US;q=0.5,en;q=0.3',
  'accept-encoding' => 'gzip, deflate',
  'cookie' => 'Hm_lvt_882e83434a44472d71512d53a8218124=1509694550; GUID=fc9490b7-ad29-4f06-a83f-e91ff7d0eab3; vct=4',
  'connection' => 'keep-alive',
  'upgrade-insecure-requests' => '1',
)
[ info ] [ PARAM ] array (
)
[ info ] [ RUN ] app\home\controller\Index->index[ D:\phpStudy\WWW\new\dzcms\application\home\controller\Index.php ]
[ info ] [ DB ] INIT mysql
[ info ] [ VIEW ] templates/lf/index.html [ array (
  0 => 'pages',
  1 => 'cateid',
) ]
[ info ] [ DB ] INIT mysql
[ info ] [ DB ] INIT mysql
[ info ] [ DB ] INIT mysql
[ info ] [ DB ] INIT mysql
[ info ] [ DB ] INIT mysql
[ info ] [ DB ] INIT mysql
[ info ] [ DB ] INIT mysql
[ info ] [ DB ] INIT mysql
[ info ] [ DB ] INIT mysql
[ info ] [ DB ] INIT mysql
[ info ] [ LOG ] INIT File
[ sql ] [ DB ] CONNECT:[ UseTime:0.003013s ] mysql:dbname=lianxiyi;host=127.0.0.1;port=3306;charset=utf8
[ sql ] [ SQL ] SHOW COLUMNS FROM `dz_basics` [ RunTime:0.094285s ]
[ sql ] [ SQL ] SELECT `styles` FROM `dz_basics` LIMIT 1 [ RunTime:0.001289s ]
[ sql ] [ DB ] CONNECT:[ UseTime:0.012261s ] mysql:dbname=lianxiyi;host=127.0.0.1;port=3306;charset=utf8
[ sql ] [ SQL ] SHOW COLUMNS FROM `dz_category` [ RunTime:0.080045s ]
[ sql ] [ SQL ] SELECT catename as title,`url`,`id`,`letter`,`inputtime`,`parentid`,`image`,`description` FROM `dz_category` WHERE  (  1=1 and ismenu=2 and isdel=0 and parentid=0 ) ORDER BY id asc [ RunTime:0.009478s ]
[ sql ] [ DB ] CONNECT:[ UseTime:0.015067s ] mysql:dbname=lianxiyi;host=127.0.0.1;port=3306;charset=utf8
[ sql ] [ SQL ] SHOW COLUMNS FROM `dz_news` [ RunTime:0.093362s ]
[ sql ] [ SQL ] SELECT * FROM `dz_news` WHERE  (  1=1 and cateid in (5) ) ORDER BY id asc LIMIT 0,3 [ RunTime:0.021075s ]
[ sql ] [ DB ] CONNECT:[ UseTime:0.008989s ] mysql:dbname=lianxiyi;host=127.0.0.1;port=3306;charset=utf8
[ sql ] [ SQL ] SELECT * FROM `dz_category` WHERE  (  id=5 ) LIMIT 1 [ RunTime:0.000611s ]
[ sql ] [ DB ] CONNECT:[ UseTime:0.013803s ] mysql:dbname=lianxiyi;host=127.0.0.1;port=3306;charset=utf8
[ sql ] [ SQL ] SELECT * FROM `dz_news` WHERE  (  1=1 and cateid in (3) ) ORDER BY id asc [ RunTime:0.000972s ]
[ sql ] [ DB ] CONNECT:[ UseTime:0.013925s ] mysql:dbname=lianxiyi;host=127.0.0.1;port=3306;charset=utf8
[ sql ] [ SQL ] SELECT * FROM `dz_category` WHERE  (  id=3 ) LIMIT 1 [ RunTime:0.000944s ]
[ sql ] [ DB ] CONNECT:[ UseTime:0.014293s ] mysql:dbname=lianxiyi;host=127.0.0.1;port=3306;charset=utf8
[ sql ] [ SQL ] SELECT * FROM `dz_category` WHERE  (  id=3 ) LIMIT 1 [ RunTime:0.001252s ]
[ sql ] [ DB ] CONNECT:[ UseTime:0.013645s ] mysql:dbname=lianxiyi;host=127.0.0.1;port=3306;charset=utf8
[ sql ] [ SQL ] SELECT * FROM `dz_category` WHERE  (  id=3 ) LIMIT 1 [ RunTime:0.001354s ]
[ sql ] [ DB ] CONNECT:[ UseTime:0.013330s ] mysql:dbname=lianxiyi;host=127.0.0.1;port=3306;charset=utf8
[ sql ] [ SQL ] SELECT * FROM `dz_category` WHERE  (  id=3 ) LIMIT 1 [ RunTime:0.001400s ]
[ sql ] [ DB ] CONNECT:[ UseTime:0.013274s ] mysql:dbname=lianxiyi;host=127.0.0.1;port=3306;charset=utf8
[ sql ] [ SQL ] SELECT * FROM `dz_category` WHERE  (  id=3 ) LIMIT 1 [ RunTime:0.001412s ]
[ sql ] [ DB ] CONNECT:[ UseTime:0.014047s ] mysql:dbname=lianxiyi;host=127.0.0.1;port=3306;charset=utf8
[ sql ] [ SQL ] SHOW COLUMNS FROM `dz_friendlink` [ RunTime:0.224070s ]
[ sql ] [ SQL ] SELECT * FROM `dz_friendlink` WHERE  (  photo is not null ) ORDER BY id asc [ RunTime:0.000802s ]

---------------------------------------------------------------
