[ 2017-11-17T10:40:51+08:00 ] 127.0.0.1 127.0.0.1 GET /
[ log ] www.ttt.com/ [运行时间：0.193851s][吞吐率：5.16req/s] [内存消耗：2,851.65kb] [文件加载：53]
[ info ] [ LANG ] D:\phpStudy\WWW\new\dzcms\thinkphp\lang\zh-cn.php
[ info ] [ ROUTE ] array (
  'type' => 'module',
  'module' => 
  array (
    0 => '',
    1 => NULL,
    2 => NULL,
  ),
)
[ info ] [ HEADER ] array (
  'host' => 'www.ttt.com',
  'user-agent' => 'Mozilla/5.0 (Windows NT 10.0; Win64; x64; rv:56.0) Gecko/20100101 Firefox/56.0',
  'accept' => 'text/html,application/xhtml+xml,application/xml;q=0.9,*/*;q=0.8',
  'accept-language' => 'zh-CN,zh;q=0.8,en-US;q=0.5,en;q=0.3',
  'accept-encoding' => 'gzip, deflate',
  'cookie' => 'Hm_lvt_882e83434a44472d71512d53a8218124=1509694550; GUID=fc9490b7-ad29-4f06-a83f-e91ff7d0eab3; vct=4',
  'connection' => 'keep-alive',
  'upgrade-insecure-requests' => '1',
)
[ info ] [ PARAM ] array (
)
[ info ] [ RUN ] app\home\controller\Index->index[ D:\phpStudy\WWW\new\dzcms\application\home\controller\Index.php ]
[ info ] [ DB ] INIT mysql
[ info ] [ VIEW ] templates/lf/index.html [ array (
  0 => 'pages',
  1 => 'cateid',
) ]
[ info ] [ DB ] INIT mysql
[ info ] [ DB ] INIT mysql
[ info ] [ DB ] INIT mysql
[ info ] [ DB ] INIT mysql
[ info ] [ DB ] INIT mysql
[ info ] [ DB ] INIT mysql
[ info ] [ DB ] INIT mysql
[ info ] [ DB ] INIT mysql
[ info ] [ DB ] INIT mysql
[ info ] [ DB ] INIT mysql
[ info ] [ LOG ] INIT File
[ sql ] [ DB ] CONNECT:[ UseTime:0.001537s ] mysql:dbname=lianxiyi;host=127.0.0.1;port=3306;charset=utf8
[ sql ] [ SQL ] SHOW COLUMNS FROM `dz_basics` [ RunTime:0.009266s ]
[ sql ] [ SQL ] SELECT `styles` FROM `dz_basics` LIMIT 1 [ RunTime:0.000394s ]
[ sql ] [ DB ] CONNECT:[ UseTime:0.007754s ] mysql:dbname=lianxiyi;host=127.0.0.1;port=3306;charset=utf8
[ sql ] [ SQL ] SHOW COLUMNS FROM `dz_category` [ RunTime:0.008089s ]
[ sql ] [ SQL ] SELECT catename as title,`url`,`id`,`letter`,`inputtime`,`parentid`,`image`,`description` FROM `dz_category` WHERE  (  1=1 and ismenu=2 and isdel=0 and parentid=0 ) ORDER BY id asc [ RunTime:0.000652s ]
[ sql ] [ DB ] CONNECT:[ UseTime:0.004135s ] mysql:dbname=lianxiyi;host=127.0.0.1;port=3306;charset=utf8
[ sql ] [ SQL ] SHOW COLUMNS FROM `dz_news` [ RunTime:0.008427s ]
[ sql ] [ SQL ] SELECT * FROM `dz_news` WHERE  (  1=1 and cateid in (5) ) ORDER BY id asc LIMIT 0,3 [ RunTime:0.000776s ]
[ sql ] [ DB ] CONNECT:[ UseTime:0.005929s ] mysql:dbname=lianxiyi;host=127.0.0.1;port=3306;charset=utf8
[ sql ] [ SQL ] SELECT * FROM `dz_category` WHERE  (  id=5 ) LIMIT 1 [ RunTime:0.000625s ]
[ sql ] [ DB ] CONNECT:[ UseTime:0.014396s ] mysql:dbname=lianxiyi;host=127.0.0.1;port=3306;charset=utf8
[ sql ] [ SQL ] SELECT * FROM `dz_news` WHERE  (  1=1 and cateid in (3) ) ORDER BY id asc [ RunTime:0.000894s ]
[ sql ] [ DB ] CONNECT:[ UseTime:0.014294s ] mysql:dbname=lianxiyi;host=127.0.0.1;port=3306;charset=utf8
[ sql ] [ SQL ] SELECT * FROM `dz_category` WHERE  (  id=3 ) LIMIT 1 [ RunTime:0.000823s ]
[ sql ] [ DB ] CONNECT:[ UseTime:0.001216s ] mysql:dbname=lianxiyi;host=127.0.0.1;port=3306;charset=utf8
[ sql ] [ SQL ] SELECT * FROM `dz_category` WHERE  (  id=3 ) LIMIT 1 [ RunTime:0.000751s ]
[ sql ] [ DB ] CONNECT:[ UseTime:0.012391s ] mysql:dbname=lianxiyi;host=127.0.0.1;port=3306;charset=utf8
[ sql ] [ SQL ] SELECT * FROM `dz_category` WHERE  (  id=3 ) LIMIT 1 [ RunTime:0.001337s ]
[ sql ] [ DB ] CONNECT:[ UseTime:0.002105s ] mysql:dbname=lianxiyi;host=127.0.0.1;port=3306;charset=utf8
[ sql ] [ SQL ] SELECT * FROM `dz_category` WHERE  (  id=3 ) LIMIT 1 [ RunTime:0.001119s ]
[ sql ] [ DB ] CONNECT:[ UseTime:0.008948s ] mysql:dbname=lianxiyi;host=127.0.0.1;port=3306;charset=utf8
[ sql ] [ SQL ] SELECT * FROM `dz_category` WHERE  (  id=3 ) LIMIT 1 [ RunTime:0.001282s ]
[ sql ] [ DB ] CONNECT:[ UseTime:0.002032s ] mysql:dbname=lianxiyi;host=127.0.0.1;port=3306;charset=utf8
[ sql ] [ SQL ] SHOW COLUMNS FROM `dz_friendlink` [ RunTime:0.019996s ]
[ sql ] [ SQL ] SELECT * FROM `dz_friendlink` WHERE  (  photo is not null ) ORDER BY id asc [ RunTime:0.000866s ]

---------------------------------------------------------------
