[ 2017-11-06T20:05:46+08:00 ] 127.0.0.1 127.0.0.1 GET /templet_page.html
[ log ] www.ttt.com/templet_page.html [运行时间：0.137811s][吞吐率：7.26req/s] [内存消耗：2,100.37kb] [文件加载：50]
[ info ] [ LANG ] D:\phpStudy\WWW\new\dzcms\thinkphp\lang\zh-cn.php
[ info ] [ ROUTE ] array (
  'type' => 'module',
  'module' => 
  array (
    0 => 'admin',
    1 => 'templet',
    2 => 'templet',
  ),
  'convert' => false,
)
[ info ] [ HEADER ] array (
  'host' => 'www.ttt.com',
  'user-agent' => 'Mozilla/5.0 (Windows NT 10.0; Win64; x64; rv:56.0) Gecko/20100101 Firefox/56.0',
  'accept' => 'text/html,application/xhtml+xml,application/xml;q=0.9,*/*;q=0.8',
  'accept-language' => 'zh-CN,zh;q=0.8,en-US;q=0.5,en;q=0.3',
  'accept-encoding' => 'gzip, deflate',
  'referer' => 'http://www.ttt.com/admin',
  'cookie' => 'Hm_lvt_882e83434a44472d71512d53a8218124=1509694550; GUID=fc9490b7-ad29-4f06-a83f-e91ff7d0eab3; vct=3; PHPSESSID=ncv14g4ebla27ag8go3lc9bfr6',
  'connection' => 'keep-alive',
  'upgrade-insecure-requests' => '1',
)
[ info ] [ PARAM ] array (
)
[ info ] [ SESSION ] INIT array (
  'id' => '',
  'var_session_id' => '',
  'prefix' => 'think',
  'type' => '',
  'auto_start' => true,
)
[ info ] [ RUN ] app\admin\controller\Templet->templet[ D:\phpStudy\WWW\new\dzcms\application\admin\controller\Templet.php ]
[ info ] [ VIEW ] ./admintpl/templet_page.html [ array (
  0 => 'xueze',
) ]
[ info ] [ LOG ] INIT File

---------------------------------------------------------------
[ 2017-11-06T20:05:46+08:00 ] 127.0.0.1 127.0.0.1 GET /public/lib/jquery.validation/1.14.0/messages_zh.min.js
[ log ] www.ttt.com/public/lib/jquery.validation/1.14.0/messages_zh.min.js [运行时间：0.032037s][吞吐率：31.21req/s] [内存消耗：1,553.07kb] [文件加载：40]
[ info ] [ LANG ] D:\phpStudy\WWW\new\dzcms\thinkphp\lang\zh-cn.php
[ info ] [ ROUTE ] array (
  'type' => 'module',
  'module' => 
  array (
    0 => 'lib',
    1 => 'jquery.validation',
    2 => '1.14.0',
  ),
)
[ info ] [ HEADER ] array (
  'host' => 'www.ttt.com',
  'user-agent' => 'Mozilla/5.0 (Windows NT 10.0; Win64; x64; rv:56.0) Gecko/20100101 Firefox/56.0',
  'accept' => '*/*',
  'accept-language' => 'zh-CN,zh;q=0.8,en-US;q=0.5,en;q=0.3',
  'accept-encoding' => 'gzip, deflate',
  'referer' => 'http://www.ttt.com/templet_page.html',
  'cookie' => 'Hm_lvt_882e83434a44472d71512d53a8218124=1509694550; GUID=fc9490b7-ad29-4f06-a83f-e91ff7d0eab3; vct=3; PHPSESSID=ncv14g4ebla27ag8go3lc9bfr6',
  'connection' => 'keep-alive',
)
[ info ] [ PARAM ] array (
)
[ info ] [ LOG ] INIT File

---------------------------------------------------------------
[ 2017-11-06T20:05:46+08:00 ] 127.0.0.1 127.0.0.1 GET /public/lib/jquery.validation/1.14.0/messages_zh.min.js
[ log ] www.ttt.com/public/lib/jquery.validation/1.14.0/messages_zh.min.js [运行时间：0.036133s][吞吐率：27.68req/s] [内存消耗：1,553.07kb] [文件加载：40]
[ info ] [ LANG ] D:\phpStudy\WWW\new\dzcms\thinkphp\lang\zh-cn.php
[ info ] [ ROUTE ] array (
  'type' => 'module',
  'module' => 
  array (
    0 => 'lib',
    1 => 'jquery.validation',
    2 => '1.14.0',
  ),
)
[ info ] [ HEADER ] array (
  'host' => 'www.ttt.com',
  'user-agent' => 'Mozilla/5.0 (Windows NT 10.0; Win64; x64; rv:56.0) Gecko/20100101 Firefox/56.0',
  'accept' => '*/*',
  'accept-language' => 'zh-CN,zh;q=0.8,en-US;q=0.5,en;q=0.3',
  'accept-encoding' => 'gzip, deflate',
  'referer' => 'http://www.ttt.com/templet_page.html',
  'cookie' => 'Hm_lvt_882e83434a44472d71512d53a8218124=1509694550; GUID=fc9490b7-ad29-4f06-a83f-e91ff7d0eab3; vct=3; PHPSESSID=ncv14g4ebla27ag8go3lc9bfr6',
  'connection' => 'keep-alive',
)
[ info ] [ PARAM ] array (
)
[ info ] [ LOG ] INIT File

---------------------------------------------------------------
[ 2017-11-06T20:05:55+08:00 ] 127.0.0.1 127.0.0.1 POST /admin/templet/do_templet.html
[ log ] www.ttt.com/admin/templet/do_templet.html [运行时间：0.062913s][吞吐率：15.89req/s] [内存消耗：2,528.76kb] [文件加载：53]
[ info ] [ LANG ] D:\phpStudy\WWW\new\dzcms\thinkphp\lang\zh-cn.php
[ info ] [ ROUTE ] array (
  'type' => 'module',
  'module' => 
  array (
    0 => 'admin',
    1 => 'templet',
    2 => 'do_templet',
  ),
)
[ info ] [ HEADER ] array (
  'host' => 'www.ttt.com',
  'user-agent' => 'Mozilla/5.0 (Windows NT 10.0; Win64; x64; rv:56.0) Gecko/20100101 Firefox/56.0',
  'accept' => 'text/html,application/xhtml+xml,application/xml;q=0.9,*/*;q=0.8',
  'accept-language' => 'zh-CN,zh;q=0.8,en-US;q=0.5,en;q=0.3',
  'accept-encoding' => 'gzip, deflate',
  'content-type' => 'application/x-www-form-urlencoded',
  'content-length' => '17',
  'referer' => 'http://www.ttt.com/templet_page.html',
  'cookie' => 'Hm_lvt_882e83434a44472d71512d53a8218124=1509694550; GUID=fc9490b7-ad29-4f06-a83f-e91ff7d0eab3; vct=3; PHPSESSID=ncv14g4ebla27ag8go3lc9bfr6',
  'connection' => 'keep-alive',
  'upgrade-insecure-requests' => '1',
)
[ info ] [ PARAM ] array (
  'styles' => 'zhaolongyu',
)
[ info ] [ SESSION ] INIT array (
  'id' => '',
  'var_session_id' => '',
  'prefix' => 'think',
  'type' => '',
  'auto_start' => true,
)
[ info ] [ RUN ] app\admin\controller\Templet->do_templet[ D:\phpStudy\WWW\new\dzcms\application\admin\controller\Templet.php ]
[ info ] [ DB ] INIT mysql
[ info ] [ LOG ] INIT File
[ sql ] [ DB ] CONNECT:[ UseTime:0.001376s ] mysql:dbname=lianxiyi;host=127.0.0.1;port=3306;charset=utf8
[ sql ] [ SQL ] SHOW COLUMNS FROM `dz_basics` [ RunTime:0.007369s ]
[ sql ] [ SQL ] UPDATE `dz_basics`  SET `styles`='zhaolongyu'  WHERE  (  id=1 ) [ RunTime:0.000570s ]

---------------------------------------------------------------
[ 2017-11-06T20:06:02+08:00 ] 127.0.0.1 127.0.0.1 GET /
[ log ] www.ttt.com/ [运行时间：0.247984s][吞吐率：4.03req/s] [内存消耗：2,986.30kb] [文件加载：55]
[ info ] [ LANG ] D:\phpStudy\WWW\new\dzcms\thinkphp\lang\zh-cn.php
[ info ] [ ROUTE ] array (
  'type' => 'module',
  'module' => 
  array (
    0 => '',
    1 => NULL,
    2 => NULL,
  ),
)
[ info ] [ HEADER ] array (
  'host' => 'www.ttt.com',
  'user-agent' => 'Mozilla/5.0 (Windows NT 10.0; Win64; x64; rv:56.0) Gecko/20100101 Firefox/56.0',
  'accept' => 'text/html,application/xhtml+xml,application/xml;q=0.9,*/*;q=0.8',
  'accept-language' => 'zh-CN,zh;q=0.8,en-US;q=0.5,en;q=0.3',
  'accept-encoding' => 'gzip, deflate',
  'cookie' => 'Hm_lvt_882e83434a44472d71512d53a8218124=1509694550; GUID=fc9490b7-ad29-4f06-a83f-e91ff7d0eab3; vct=3; PHPSESSID=ncv14g4ebla27ag8go3lc9bfr6',
  'connection' => 'keep-alive',
  'upgrade-insecure-requests' => '1',
)
[ info ] [ PARAM ] array (
)
[ info ] [ RUN ] app\home\controller\Index->index[ D:\phpStudy\WWW\new\dzcms\application\home\controller\Index.php ]
[ info ] [ DB ] INIT mysql
[ info ] [ VIEW ] templates/zhaolongyu/index.html [ array (
) ]
[ info ] [ DB ] INIT mysql
[ info ] [ DB ] INIT mysql
[ info ] [ DB ] INIT mysql
[ info ] [ DB ] INIT mysql
[ info ] [ DB ] INIT mysql
[ info ] [ DB ] INIT mysql
[ info ] [ DB ] INIT mysql
[ info ] [ DB ] INIT mysql
[ info ] [ DB ] INIT mysql
[ info ] [ DB ] INIT mysql
[ info ] [ DB ] INIT mysql
[ info ] [ LOG ] INIT File
[ sql ] [ DB ] CONNECT:[ UseTime:0.009813s ] mysql:dbname=lianxiyi;host=127.0.0.1;port=3306;charset=utf8
[ sql ] [ SQL ] SHOW COLUMNS FROM `dz_basics` [ RunTime:0.009271s ]
[ sql ] [ SQL ] SELECT `styles` FROM `dz_basics` LIMIT 1 [ RunTime:0.000471s ]
[ sql ] [ DB ] CONNECT:[ UseTime:0.010451s ] mysql:dbname=lianxiyi;host=127.0.0.1;port=3306;charset=utf8
[ sql ] [ SQL ] SHOW COLUMNS FROM `dz_news` [ RunTime:0.084080s ]
[ sql ] [ SQL ] SELECT COUNT(*) AS tp_count FROM `dz_news` WHERE  (  id=1 ) LIMIT 1 [ RunTime:0.000771s ]
[ sql ] [ DB ] CONNECT:[ UseTime:0.011692s ] mysql:dbname=lianxiyi;host=127.0.0.1;port=3306;charset=utf8
[ sql ] [ SQL ] SELECT COUNT(*) AS tp_count FROM `dz_news` WHERE  (  1=1 ) LIMIT 1 [ RunTime:0.000458s ]
[ sql ] [ DB ] CONNECT:[ UseTime:0.000722s ] mysql:dbname=lianxiyi;host=127.0.0.1;port=3306;charset=utf8
[ sql ] [ SQL ] SELECT COUNT(*) AS tp_count FROM `dz_news` WHERE  (  1=1 ) LIMIT 1 [ RunTime:0.000387s ]
[ sql ] [ DB ] CONNECT:[ UseTime:0.009789s ] mysql:dbname=lianxiyi;host=127.0.0.1;port=3306;charset=utf8
[ sql ] [ SQL ] SHOW COLUMNS FROM `dz_ad` [ RunTime:0.008351s ]
[ sql ] [ SQL ] SELECT COUNT(*) AS tp_count FROM `dz_ad` WHERE  (  1=1 ) LIMIT 1 [ RunTime:0.000455s ]
[ sql ] [ DB ] CONNECT:[ UseTime:0.000944s ] mysql:dbname=lianxiyi;host=127.0.0.1;port=3306;charset=utf8
[ sql ] [ SQL ] SHOW COLUMNS FROM `dz_category` [ RunTime:0.007170s ]
[ sql ] [ SQL ] SELECT catename as title,`url`,`id`,`letter`,`inputtime`,`parentid`,`image`,`description` FROM `dz_category` WHERE  (  1=1 and ismenu=2 and isdel=0 and parentid=0 ) ORDER BY id asc LIMIT 6 [ RunTime:0.000586s ]
[ sql ] [ DB ] CONNECT:[ UseTime:0.010054s ] mysql:dbname=lianxiyi;host=127.0.0.1;port=3306;charset=utf8
[ sql ] [ SQL ] SELECT `id`,`title`,`type`,`synopsis`,`content`,`photo` FROM `dz_ad` WHERE  (  1=1 ) ORDER BY id asc LIMIT 0,2 [ RunTime:0.000387s ]
[ sql ] [ DB ] CONNECT:[ UseTime:0.010107s ] mysql:dbname=lianxiyi;host=127.0.0.1;port=3306;charset=utf8
[ sql ] [ SQL ] SELECT `id`,`title`,`url`,`cateid`,`smallimage`,`abstract` FROM `dz_news` WHERE  (  1=1 ) ORDER BY looknum desc LIMIT 0,1 [ RunTime:0.000745s ]
[ sql ] [ DB ] CONNECT:[ UseTime:0.000882s ] mysql:dbname=lianxiyi;host=127.0.0.1;port=3306;charset=utf8
[ sql ] [ SQL ] SELECT * FROM `dz_category` WHERE  (  id=1 ) LIMIT 1 [ RunTime:0.000410s ]
[ sql ] [ DB ] CONNECT:[ UseTime:0.000650s ] mysql:dbname=lianxiyi;host=127.0.0.1;port=3306;charset=utf8
[ sql ] [ SQL ] SELECT `id`,`title`,`url`,`cateid`,`smallimage` FROM `dz_news` WHERE  (  1=1 ) ORDER BY looknum desc LIMIT 1,4 [ RunTime:0.000357s ]
[ sql ] [ DB ] CONNECT:[ UseTime:0.010156s ] mysql:dbname=lianxiyi;host=127.0.0.1;port=3306;charset=utf8
[ sql ] [ SQL ] SELECT * FROM `dz_news` WHERE  (  id=1 ) ORDER BY id asc LIMIT 0,1 [ RunTime:0.000600s ]
[ sql ] [ DB ] CONNECT:[ UseTime:0.000837s ] mysql:dbname=lianxiyi;host=127.0.0.1;port=3306;charset=utf8
[ sql ] [ SQL ] SELECT * FROM `dz_category` WHERE  (  id=1 ) LIMIT 1 [ RunTime:0.000374s ]

---------------------------------------------------------------
