[ 2017-12-11T08:34:34+08:00 ] 127.0.0.1 127.0.0.1 GET /
[ log ] www.ttt.com/ [运行时间：1.019039s][吞吐率：0.98req/s] [内存消耗：2,850.30kb] [文件加载：53]
[ info ] [ LANG ] D:\phpStudy\WWW\new\dzcms\thinkphp\lang\zh-cn.php
[ info ] [ ROUTE ] array (
  'type' => 'module',
  'module' => 
  array (
    0 => '',
    1 => NULL,
    2 => NULL,
  ),
)
[ info ] [ HEADER ] array (
  'host' => 'www.ttt.com',
  'accept' => '*/*',
)
[ info ] [ PARAM ] array (
)
[ info ] [ RUN ] app\home\controller\Index->index[ D:\phpStudy\WWW\new\dzcms\application\home\controller\Index.php ]
[ info ] [ DB ] INIT mysql
[ info ] [ VIEW ] templates/lf/index.html [ array (
  0 => 'pages',
  1 => 'cateid',
) ]
[ info ] [ DB ] INIT mysql
[ info ] [ DB ] INIT mysql
[ info ] [ DB ] INIT mysql
[ info ] [ DB ] INIT mysql
[ info ] [ DB ] INIT mysql
[ info ] [ DB ] INIT mysql
[ info ] [ DB ] INIT mysql
[ info ] [ DB ] INIT mysql
[ info ] [ DB ] INIT mysql
[ info ] [ DB ] INIT mysql
[ info ] [ LOG ] INIT File
[ sql ] [ DB ] CONNECT:[ UseTime:0.018580s ] mysql:dbname=lianxiyi;host=127.0.0.1;port=3306;charset=utf8
[ sql ] [ SQL ] SHOW COLUMNS FROM `dz_basics` [ RunTime:0.099820s ]
[ sql ] [ SQL ] SELECT `styles` FROM `dz_basics` LIMIT 1 [ RunTime:0.002341s ]
[ sql ] [ DB ] CONNECT:[ UseTime:0.012183s ] mysql:dbname=lianxiyi;host=127.0.0.1;port=3306;charset=utf8
[ sql ] [ SQL ] SHOW COLUMNS FROM `dz_category` [ RunTime:0.044092s ]
[ sql ] [ SQL ] SELECT catename as title,`url`,`id`,`letter`,`inputtime`,`parentid`,`image`,`description` FROM `dz_category` WHERE  (  1=1 and ismenu=2 and isdel=0 and parentid=0 ) ORDER BY id asc [ RunTime:0.001807s ]
[ sql ] [ DB ] CONNECT:[ UseTime:0.005485s ] mysql:dbname=lianxiyi;host=127.0.0.1;port=3306;charset=utf8
[ sql ] [ SQL ] SHOW COLUMNS FROM `dz_news` [ RunTime:0.067866s ]
[ sql ] [ SQL ] SELECT * FROM `dz_news` WHERE  (  1=1 and cateid in (5) ) ORDER BY id asc LIMIT 0,3 [ RunTime:0.002446s ]
[ sql ] [ DB ] CONNECT:[ UseTime:0.024441s ] mysql:dbname=lianxiyi;host=127.0.0.1;port=3306;charset=utf8
[ sql ] [ SQL ] SELECT * FROM `dz_category` WHERE  (  id=5 ) LIMIT 1 [ RunTime:0.001173s ]
[ sql ] [ DB ] CONNECT:[ UseTime:0.002599s ] mysql:dbname=lianxiyi;host=127.0.0.1;port=3306;charset=utf8
[ sql ] [ SQL ] SELECT * FROM `dz_news` WHERE  (  1=1 and cateid in (3) ) ORDER BY id asc [ RunTime:0.001549s ]
[ sql ] [ DB ] CONNECT:[ UseTime:0.024533s ] mysql:dbname=lianxiyi;host=127.0.0.1;port=3306;charset=utf8
[ sql ] [ SQL ] SELECT * FROM `dz_category` WHERE  (  id=3 ) LIMIT 1 [ RunTime:0.001159s ]
[ sql ] [ DB ] CONNECT:[ UseTime:0.013271s ] mysql:dbname=lianxiyi;host=127.0.0.1;port=3306;charset=utf8
[ sql ] [ SQL ] SELECT * FROM `dz_category` WHERE  (  id=3 ) LIMIT 1 [ RunTime:0.001143s ]
[ sql ] [ DB ] CONNECT:[ UseTime:0.015342s ] mysql:dbname=lianxiyi;host=127.0.0.1;port=3306;charset=utf8
[ sql ] [ SQL ] SELECT * FROM `dz_category` WHERE  (  id=3 ) LIMIT 1 [ RunTime:0.001442s ]
[ sql ] [ DB ] CONNECT:[ UseTime:0.003335s ] mysql:dbname=lianxiyi;host=127.0.0.1;port=3306;charset=utf8
[ sql ] [ SQL ] SELECT * FROM `dz_category` WHERE  (  id=3 ) LIMIT 1 [ RunTime:0.001453s ]
[ sql ] [ DB ] CONNECT:[ UseTime:0.003025s ] mysql:dbname=lianxiyi;host=127.0.0.1;port=3306;charset=utf8
[ sql ] [ SQL ] SELECT * FROM `dz_category` WHERE  (  id=3 ) LIMIT 1 [ RunTime:0.001426s ]
[ sql ] [ DB ] CONNECT:[ UseTime:0.018618s ] mysql:dbname=lianxiyi;host=127.0.0.1;port=3306;charset=utf8
[ sql ] [ SQL ] SHOW COLUMNS FROM `dz_friendlink` [ RunTime:0.083918s ]
[ sql ] [ SQL ] SELECT * FROM `dz_friendlink` WHERE  (  photo is not null ) ORDER BY id asc [ RunTime:0.001643s ]

---------------------------------------------------------------
[ 2017-12-11T08:34:59+08:00 ] 127.0.0.1 127.0.0.1 GET HTTP://www.ttt.com/
[ log ] www.ttt.comHTTP://www.ttt.com/ [运行时间：0.384657s][吞吐率：2.60req/s] [内存消耗：2,850.52kb] [文件加载：53]
[ info ] [ LANG ] D:\phpStudy\WWW\new\dzcms\thinkphp\lang\zh-cn.php
[ info ] [ ROUTE ] array (
  'type' => 'module',
  'module' => 
  array (
    0 => '',
    1 => NULL,
    2 => NULL,
  ),
)
[ info ] [ HEADER ] array (
  'host' => 'www.ttt.com',
  'accept' => '*/*',
  'proxy-connection' => 'Keep-Alive',
)
[ info ] [ PARAM ] array (
)
[ info ] [ RUN ] app\home\controller\Index->index[ D:\phpStudy\WWW\new\dzcms\application\home\controller\Index.php ]
[ info ] [ DB ] INIT mysql
[ info ] [ VIEW ] templates/lf/index.html [ array (
  0 => 'pages',
  1 => 'cateid',
) ]
[ info ] [ DB ] INIT mysql
[ info ] [ DB ] INIT mysql
[ info ] [ DB ] INIT mysql
[ info ] [ DB ] INIT mysql
[ info ] [ DB ] INIT mysql
[ info ] [ DB ] INIT mysql
[ info ] [ DB ] INIT mysql
[ info ] [ DB ] INIT mysql
[ info ] [ DB ] INIT mysql
[ info ] [ DB ] INIT mysql
[ info ] [ LOG ] INIT File
[ sql ] [ DB ] CONNECT:[ UseTime:0.001539s ] mysql:dbname=lianxiyi;host=127.0.0.1;port=3306;charset=utf8
[ sql ] [ SQL ] SHOW COLUMNS FROM `dz_basics` [ RunTime:0.026829s ]
[ sql ] [ SQL ] SELECT `styles` FROM `dz_basics` LIMIT 1 [ RunTime:0.000913s ]
[ sql ] [ DB ] CONNECT:[ UseTime:0.021015s ] mysql:dbname=lianxiyi;host=127.0.0.1;port=3306;charset=utf8
[ sql ] [ SQL ] SHOW COLUMNS FROM `dz_category` [ RunTime:0.029932s ]
[ sql ] [ SQL ] SELECT catename as title,`url`,`id`,`letter`,`inputtime`,`parentid`,`image`,`description` FROM `dz_category` WHERE  (  1=1 and ismenu=2 and isdel=0 and parentid=0 ) ORDER BY id asc [ RunTime:0.001206s ]
[ sql ] [ DB ] CONNECT:[ UseTime:0.004200s ] mysql:dbname=lianxiyi;host=127.0.0.1;port=3306;charset=utf8
[ sql ] [ SQL ] SHOW COLUMNS FROM `dz_news` [ RunTime:0.022038s ]
[ sql ] [ SQL ] SELECT * FROM `dz_news` WHERE  (  1=1 and cateid in (5) ) ORDER BY id asc LIMIT 0,3 [ RunTime:0.001364s ]
[ sql ] [ DB ] CONNECT:[ UseTime:0.012508s ] mysql:dbname=lianxiyi;host=127.0.0.1;port=3306;charset=utf8
[ sql ] [ SQL ] SELECT * FROM `dz_category` WHERE  (  id=5 ) LIMIT 1 [ RunTime:0.000885s ]
[ sql ] [ DB ] CONNECT:[ UseTime:0.014589s ] mysql:dbname=lianxiyi;host=127.0.0.1;port=3306;charset=utf8
[ sql ] [ SQL ] SELECT * FROM `dz_news` WHERE  (  1=1 and cateid in (3) ) ORDER BY id asc [ RunTime:0.000993s ]
[ sql ] [ DB ] CONNECT:[ UseTime:0.014300s ] mysql:dbname=lianxiyi;host=127.0.0.1;port=3306;charset=utf8
[ sql ] [ SQL ] SELECT * FROM `dz_category` WHERE  (  id=3 ) LIMIT 1 [ RunTime:0.001199s ]
[ sql ] [ DB ] CONNECT:[ UseTime:0.014303s ] mysql:dbname=lianxiyi;host=127.0.0.1;port=3306;charset=utf8
[ sql ] [ SQL ] SELECT * FROM `dz_category` WHERE  (  id=3 ) LIMIT 1 [ RunTime:0.001702s ]
[ sql ] [ DB ] CONNECT:[ UseTime:0.025507s ] mysql:dbname=lianxiyi;host=127.0.0.1;port=3306;charset=utf8
[ sql ] [ SQL ] SELECT * FROM `dz_category` WHERE  (  id=3 ) LIMIT 1 [ RunTime:0.003402s ]
[ sql ] [ DB ] CONNECT:[ UseTime:0.026744s ] mysql:dbname=lianxiyi;host=127.0.0.1;port=3306;charset=utf8
[ sql ] [ SQL ] SELECT * FROM `dz_category` WHERE  (  id=3 ) LIMIT 1 [ RunTime:0.001093s ]
[ sql ] [ DB ] CONNECT:[ UseTime:0.001891s ] mysql:dbname=lianxiyi;host=127.0.0.1;port=3306;charset=utf8
[ sql ] [ SQL ] SELECT * FROM `dz_category` WHERE  (  id=3 ) LIMIT 1 [ RunTime:0.000890s ]
[ sql ] [ DB ] CONNECT:[ UseTime:0.002070s ] mysql:dbname=lianxiyi;host=127.0.0.1;port=3306;charset=utf8
[ sql ] [ SQL ] SHOW COLUMNS FROM `dz_friendlink` [ RunTime:0.024526s ]
[ sql ] [ SQL ] SELECT * FROM `dz_friendlink` WHERE  (  photo is not null ) ORDER BY id asc [ RunTime:0.001194s ]

---------------------------------------------------------------
[ 2017-12-11T16:24:39+08:00 ] 127.0.0.1 127.0.0.1 GET /
[ log ] www.ttt.com/ [运行时间：1.145936s][吞吐率：0.87req/s] [内存消耗：2,851.59kb] [文件加载：53]
[ info ] [ LANG ] D:\phpStudy\WWW\new\dzcms\thinkphp\lang\zh-cn.php
[ info ] [ ROUTE ] array (
  'type' => 'module',
  'module' => 
  array (
    0 => '',
    1 => NULL,
    2 => NULL,
  ),
)
[ info ] [ HEADER ] array (
  'host' => 'www.ttt.com',
  'user-agent' => 'Mozilla/5.0 (Windows NT 10.0; Win64; x64; rv:57.0) Gecko/20100101 Firefox/57.0',
  'accept' => 'text/html,application/xhtml+xml,application/xml;q=0.9,*/*;q=0.8',
  'accept-language' => 'zh-CN,zh;q=0.8,zh-TW;q=0.7,zh-HK;q=0.5,en-US;q=0.3,en;q=0.2',
  'accept-encoding' => 'gzip, deflate',
  'cookie' => 'Hm_lvt_882e83434a44472d71512d53a8218124=1509694550; GUID=fc9490b7-ad29-4f06-a83f-e91ff7d0eab3; vct=4',
  'connection' => 'keep-alive',
  'upgrade-insecure-requests' => '1',
)
[ info ] [ PARAM ] array (
)
[ info ] [ RUN ] app\home\controller\Index->index[ D:\phpStudy\WWW\new\dzcms\application\home\controller\Index.php ]
[ info ] [ DB ] INIT mysql
[ info ] [ VIEW ] templates/lf/index.html [ array (
  0 => 'pages',
  1 => 'cateid',
) ]
[ info ] [ DB ] INIT mysql
[ info ] [ DB ] INIT mysql
[ info ] [ DB ] INIT mysql
[ info ] [ DB ] INIT mysql
[ info ] [ DB ] INIT mysql
[ info ] [ DB ] INIT mysql
[ info ] [ DB ] INIT mysql
[ info ] [ DB ] INIT mysql
[ info ] [ DB ] INIT mysql
[ info ] [ DB ] INIT mysql
[ info ] [ LOG ] INIT File
[ sql ] [ DB ] CONNECT:[ UseTime:0.124996s ] mysql:dbname=lianxiyi;host=127.0.0.1;port=3306;charset=utf8
[ sql ] [ SQL ] SHOW COLUMNS FROM `dz_basics` [ RunTime:0.119994s ]
[ sql ] [ SQL ] SELECT `styles` FROM `dz_basics` LIMIT 1 [ RunTime:0.001186s ]
[ sql ] [ DB ] CONNECT:[ UseTime:0.001851s ] mysql:dbname=lianxiyi;host=127.0.0.1;port=3306;charset=utf8
[ sql ] [ SQL ] SHOW COLUMNS FROM `dz_category` [ RunTime:0.020375s ]
[ sql ] [ SQL ] SELECT catename as title,`url`,`id`,`letter`,`inputtime`,`parentid`,`image`,`description` FROM `dz_category` WHERE  (  1=1 and ismenu=2 and isdel=0 and parentid=0 ) ORDER BY id asc [ RunTime:0.001379s ]
[ sql ] [ DB ] CONNECT:[ UseTime:0.018921s ] mysql:dbname=lianxiyi;host=127.0.0.1;port=3306;charset=utf8
[ sql ] [ SQL ] SHOW COLUMNS FROM `dz_news` [ RunTime:0.052887s ]
[ sql ] [ SQL ] SELECT * FROM `dz_news` WHERE  (  1=1 and cateid in (5) ) ORDER BY id asc LIMIT 0,3 [ RunTime:0.049429s ]
[ sql ] [ DB ] CONNECT:[ UseTime:0.011193s ] mysql:dbname=lianxiyi;host=127.0.0.1;port=3306;charset=utf8
[ sql ] [ SQL ] SELECT * FROM `dz_category` WHERE  (  id=5 ) LIMIT 1 [ RunTime:0.000724s ]
[ sql ] [ DB ] CONNECT:[ UseTime:0.012778s ] mysql:dbname=lianxiyi;host=127.0.0.1;port=3306;charset=utf8
[ sql ] [ SQL ] SELECT * FROM `dz_news` WHERE  (  1=1 and cateid in (3) ) ORDER BY id asc [ RunTime:0.012782s ]
[ sql ] [ DB ] CONNECT:[ UseTime:0.001813s ] mysql:dbname=lianxiyi;host=127.0.0.1;port=3306;charset=utf8
[ sql ] [ SQL ] SELECT * FROM `dz_category` WHERE  (  id=3 ) LIMIT 1 [ RunTime:0.000785s ]
[ sql ] [ DB ] CONNECT:[ UseTime:0.010834s ] mysql:dbname=lianxiyi;host=127.0.0.1;port=3306;charset=utf8
[ sql ] [ SQL ] SELECT * FROM `dz_category` WHERE  (  id=3 ) LIMIT 1 [ RunTime:0.000821s ]
[ sql ] [ DB ] CONNECT:[ UseTime:0.010760s ] mysql:dbname=lianxiyi;host=127.0.0.1;port=3306;charset=utf8
[ sql ] [ SQL ] SELECT * FROM `dz_category` WHERE  (  id=3 ) LIMIT 1 [ RunTime:0.000815s ]
[ sql ] [ DB ] CONNECT:[ UseTime:0.011013s ] mysql:dbname=lianxiyi;host=127.0.0.1;port=3306;charset=utf8
[ sql ] [ SQL ] SELECT * FROM `dz_category` WHERE  (  id=3 ) LIMIT 1 [ RunTime:0.000611s ]
[ sql ] [ DB ] CONNECT:[ UseTime:0.011430s ] mysql:dbname=lianxiyi;host=127.0.0.1;port=3306;charset=utf8
[ sql ] [ SQL ] SELECT * FROM `dz_category` WHERE  (  id=3 ) LIMIT 1 [ RunTime:0.000692s ]
[ sql ] [ DB ] CONNECT:[ UseTime:0.010940s ] mysql:dbname=lianxiyi;host=127.0.0.1;port=3306;charset=utf8
[ sql ] [ SQL ] SHOW COLUMNS FROM `dz_friendlink` [ RunTime:0.057542s ]
[ sql ] [ SQL ] SELECT * FROM `dz_friendlink` WHERE  (  photo is not null ) ORDER BY id asc [ RunTime:0.000880s ]

---------------------------------------------------------------
[ 2017-12-11T16:24:43+08:00 ] 127.0.0.1 127.0.0.1 GET /oo
[ log ] www.ttt.com/oo [运行时间：0.104231s][吞吐率：9.59req/s] [内存消耗：1,552.80kb] [文件加载：40]
[ info ] [ LANG ] D:\phpStudy\WWW\new\dzcms\thinkphp\lang\zh-cn.php
[ info ] [ ROUTE ] array (
  'type' => 'module',
  'module' => 
  array (
    0 => 'oo',
    1 => NULL,
    2 => NULL,
  ),
)
[ info ] [ HEADER ] array (
  'host' => 'www.ttt.com',
  'user-agent' => 'Mozilla/5.0 (Windows NT 10.0; Win64; x64; rv:57.0) Gecko/20100101 Firefox/57.0',
  'accept' => 'text/html,application/xhtml+xml,application/xml;q=0.9,*/*;q=0.8',
  'accept-language' => 'zh-CN,zh;q=0.8,zh-TW;q=0.7,zh-HK;q=0.5,en-US;q=0.3,en;q=0.2',
  'accept-encoding' => 'gzip, deflate',
  'cookie' => 'Hm_lvt_882e83434a44472d71512d53a8218124=1509694550; GUID=fc9490b7-ad29-4f06-a83f-e91ff7d0eab3; vct=4',
  'connection' => 'keep-alive',
  'upgrade-insecure-requests' => '1',
)
[ info ] [ PARAM ] array (
)
[ info ] [ LOG ] INIT File

---------------------------------------------------------------
[ 2017-12-11T16:24:50+08:00 ] 127.0.0.1 127.0.0.1 GET /admin
[ log ] www.ttt.com/admin [运行时间：0.163979s][吞吐率：6.10req/s] [内存消耗：1,887.20kb] [文件加载：48]
[ info ] [ LANG ] D:\phpStudy\WWW\new\dzcms\thinkphp\lang\zh-cn.php
[ info ] [ ROUTE ] array (
  'type' => 'module',
  'module' => 
  array (
    0 => 'admin',
    1 => NULL,
    2 => NULL,
  ),
)
[ info ] [ HEADER ] array (
  'host' => 'www.ttt.com',
  'user-agent' => 'Mozilla/5.0 (Windows NT 10.0; Win64; x64; rv:57.0) Gecko/20100101 Firefox/57.0',
  'accept' => 'text/html,application/xhtml+xml,application/xml;q=0.9,*/*;q=0.8',
  'accept-language' => 'zh-CN,zh;q=0.8,zh-TW;q=0.7,zh-HK;q=0.5,en-US;q=0.3,en;q=0.2',
  'accept-encoding' => 'gzip, deflate',
  'cookie' => 'Hm_lvt_882e83434a44472d71512d53a8218124=1509694550; GUID=fc9490b7-ad29-4f06-a83f-e91ff7d0eab3; vct=4',
  'connection' => 'keep-alive',
  'upgrade-insecure-requests' => '1',
)
[ info ] [ PARAM ] array (
)
[ info ] [ SESSION ] INIT array (
  'id' => '',
  'var_session_id' => '',
  'prefix' => 'think',
  'type' => '',
  'auto_start' => true,
)
[ info ] [ LOG ] INIT File

---------------------------------------------------------------
[ 2017-12-11T16:24:50+08:00 ] 127.0.0.1 127.0.0.1 GET /admin/login/login.html
[ log ] www.ttt.com/admin/login/login.html [运行时间：0.168672s][吞吐率：5.93req/s] [内存消耗：1,862.55kb] [文件加载：46]
[ info ] [ LANG ] D:\phpStudy\WWW\new\dzcms\thinkphp\lang\zh-cn.php
[ info ] [ ROUTE ] array (
  'type' => 'module',
  'module' => 
  array (
    0 => 'admin',
    1 => 'login',
    2 => 'login',
  ),
)
[ info ] [ HEADER ] array (
  'host' => 'www.ttt.com',
  'user-agent' => 'Mozilla/5.0 (Windows NT 10.0; Win64; x64; rv:57.0) Gecko/20100101 Firefox/57.0',
  'accept' => 'text/html,application/xhtml+xml,application/xml;q=0.9,*/*;q=0.8',
  'accept-language' => 'zh-CN,zh;q=0.8,zh-TW;q=0.7,zh-HK;q=0.5,en-US;q=0.3,en;q=0.2',
  'accept-encoding' => 'gzip, deflate',
  'cookie' => 'Hm_lvt_882e83434a44472d71512d53a8218124=1509694550; GUID=fc9490b7-ad29-4f06-a83f-e91ff7d0eab3; vct=4; PHPSESSID=013mi19js20pu7l5dvgcg20u47',
  'connection' => 'keep-alive',
  'upgrade-insecure-requests' => '1',
)
[ info ] [ PARAM ] array (
)
[ info ] [ RUN ] app\admin\controller\Login->login[ D:\phpStudy\WWW\new\dzcms\application\admin\controller\Login.php ]
[ info ] [ SESSION ] INIT array (
  'id' => '',
  'var_session_id' => '',
  'prefix' => 'think',
  'type' => '',
  'auto_start' => true,
)
[ info ] [ VIEW ] ./admintpl/login.html [ array (
) ]
[ info ] [ LOG ] INIT File

---------------------------------------------------------------
[ 2017-12-11T16:24:51+08:00 ] 127.0.0.1 127.0.0.1 GET /captcha.html
[ log ] www.ttt.com/captcha.html [运行时间：0.448835s][吞吐率：2.23req/s] [内存消耗：1,574.91kb] [文件加载：39]
[ info ] [ LANG ] D:\phpStudy\WWW\new\dzcms\thinkphp\lang\zh-cn.php
[ info ] [ ROUTE ] array (
  'type' => 'method',
  'method' => 
  array (
    0 => '\\think\\captcha\\CaptchaController',
    1 => 'index',
  ),
  'var' => 
  array (
  ),
)
[ info ] [ HEADER ] array (
  'host' => 'www.ttt.com',
  'user-agent' => 'Mozilla/5.0 (Windows NT 10.0; Win64; x64; rv:57.0) Gecko/20100101 Firefox/57.0',
  'accept' => '*/*',
  'accept-language' => 'zh-CN,zh;q=0.8,zh-TW;q=0.7,zh-HK;q=0.5,en-US;q=0.3,en;q=0.2',
  'accept-encoding' => 'gzip, deflate',
  'referer' => 'http://www.ttt.com/admin/login/login.html',
  'cookie' => 'Hm_lvt_882e83434a44472d71512d53a8218124=1509694550; GUID=fc9490b7-ad29-4f06-a83f-e91ff7d0eab3; vct=4; PHPSESSID=013mi19js20pu7l5dvgcg20u47',
  'connection' => 'keep-alive',
)
[ info ] [ PARAM ] array (
  'id' => NULL,
)
[ info ] [ RUN ] think\captcha\CaptchaController->index[ D:\phpStudy\WWW\new\dzcms\vendor\topthink\think-captcha\src\CaptchaController.php ]
[ info ] [ SESSION ] INIT array (
  'id' => '',
  'var_session_id' => '',
  'prefix' => 'think',
  'type' => '',
  'auto_start' => true,
)
[ info ] [ LOG ] INIT File

---------------------------------------------------------------
[ 2017-12-11T16:25:05+08:00 ] 127.0.0.1 127.0.0.1 POST /admin/login/do_login.html
[ log ] www.ttt.com/admin/login/do_login.html [运行时间：0.299716s][吞吐率：3.34req/s] [内存消耗：2,598.59kb] [文件加载：53]
[ info ] [ LANG ] D:\phpStudy\WWW\new\dzcms\thinkphp\lang\zh-cn.php
[ info ] [ ROUTE ] array (
  'type' => 'module',
  'module' => 
  array (
    0 => 'admin',
    1 => 'login',
    2 => 'do_login',
  ),
)
[ info ] [ HEADER ] array (
  'host' => 'www.ttt.com',
  'user-agent' => 'Mozilla/5.0 (Windows NT 10.0; Win64; x64; rv:57.0) Gecko/20100101 Firefox/57.0',
  'accept' => '*/*',
  'accept-language' => 'zh-CN,zh;q=0.8,zh-TW;q=0.7,zh-HK;q=0.5,en-US;q=0.3,en;q=0.2',
  'accept-encoding' => 'gzip, deflate',
  'referer' => 'http://www.ttt.com/admin/login/login.html',
  'content-type' => 'application/x-www-form-urlencoded; charset=UTF-8',
  'x-requested-with' => 'XMLHttpRequest',
  'content-length' => '38',
  'cookie' => 'Hm_lvt_882e83434a44472d71512d53a8218124=1509694550; GUID=fc9490b7-ad29-4f06-a83f-e91ff7d0eab3; vct=4; PHPSESSID=013mi19js20pu7l5dvgcg20u47',
  'connection' => 'keep-alive',
)
[ info ] [ PARAM ] array (
  'username' => '123',
  'password' => '123',
  'captcha' => 'cldj',
)
[ info ] [ RUN ] app\admin\controller\Login->do_login[ D:\phpStudy\WWW\new\dzcms\application\admin\controller\Login.php ]
[ info ] [ DB ] INIT mysql
[ info ] [ DB ] INIT mysql
[ info ] [ SESSION ] INIT array (
  'id' => '',
  'var_session_id' => '',
  'prefix' => 'think',
  'type' => '',
  'auto_start' => true,
)
[ info ] [ LOG ] INIT File
[ sql ] [ DB ] CONNECT:[ UseTime:0.001669s ] mysql:dbname=lianxiyi;host=127.0.0.1;port=3306;charset=utf8
[ sql ] [ SQL ] SHOW COLUMNS FROM `dz_basics` [ RunTime:0.015864s ]
[ sql ] [ SQL ] SELECT `iplist` FROM `dz_basics` LIMIT 1 [ RunTime:0.000550s ]
[ sql ] [ DB ] CONNECT:[ UseTime:0.001785s ] mysql:dbname=lianxiyi;host=127.0.0.1;port=3306;charset=utf8
[ sql ] [ SQL ] SHOW COLUMNS FROM `dz_admin` [ RunTime:0.180674s ]
[ sql ] [ SQL ] SELECT * FROM `dz_admin` WHERE  `username` = '123'  AND `password` = '202cb962ac59075b964b07152d234b70' LIMIT 1 [ RunTime:0.042004s ]

---------------------------------------------------------------
[ 2017-12-11T16:25:06+08:00 ] 127.0.0.1 127.0.0.1 GET /admin.php
[ log ] www.ttt.com/admin.php [运行时间：0.233626s][吞吐率：4.28req/s] [内存消耗：2,598.22kb] [文件加载：54]
[ info ] [ LANG ] D:\phpStudy\WWW\new\dzcms\thinkphp\lang\zh-cn.php
[ info ] [ BIND ] 'admin'
[ info ] [ ROUTE ] array (
  'type' => 'module',
  'module' => 
  array (
    0 => 'admin',
    1 => NULL,
    2 => NULL,
  ),
)
[ info ] [ HEADER ] array (
  'host' => 'www.ttt.com',
  'user-agent' => 'Mozilla/5.0 (Windows NT 10.0; Win64; x64; rv:57.0) Gecko/20100101 Firefox/57.0',
  'accept' => 'text/html,application/xhtml+xml,application/xml;q=0.9,*/*;q=0.8',
  'accept-language' => 'zh-CN,zh;q=0.8,zh-TW;q=0.7,zh-HK;q=0.5,en-US;q=0.3,en;q=0.2',
  'accept-encoding' => 'gzip, deflate',
  'referer' => 'http://www.ttt.com/admin/login/login.html',
  'cookie' => 'Hm_lvt_882e83434a44472d71512d53a8218124=1509694550; GUID=fc9490b7-ad29-4f06-a83f-e91ff7d0eab3; vct=4; PHPSESSID=013mi19js20pu7l5dvgcg20u47',
  'connection' => 'keep-alive',
  'upgrade-insecure-requests' => '1',
)
[ info ] [ PARAM ] array (
)
[ info ] [ SESSION ] INIT array (
  'id' => '',
  'var_session_id' => '',
  'prefix' => 'think',
  'type' => '',
  'auto_start' => true,
)
[ info ] [ RUN ] app\admin\controller\Index->index[ D:\phpStudy\WWW\new\dzcms\application\admin\controller\Index.php ]
[ info ] [ DB ] INIT mysql
[ info ] [ DB ] INIT mysql
[ info ] [ VIEW ] ./admintpl/index.html [ array (
  0 => 'vo',
) ]
[ info ] [ LOG ] INIT File
[ sql ] [ DB ] CONNECT:[ UseTime:0.001906s ] mysql:dbname=lianxiyi;host=127.0.0.1;port=3306;charset=utf8
[ sql ] [ SQL ] SHOW COLUMNS FROM `dz_admin` [ RunTime:0.019307s ]
[ sql ] [ SQL ] SELECT * FROM `dz_admin` WHERE  (  id=76 ) LIMIT 1 [ RunTime:0.000786s ]
[ sql ] [ DB ] CONNECT:[ UseTime:0.011463s ] mysql:dbname=lianxiyi;host=127.0.0.1;port=3306;charset=utf8
[ sql ] [ SQL ] SHOW COLUMNS FROM `dz_auth_group` [ RunTime:0.125165s ]
[ sql ] [ SQL ] SELECT `title` FROM `dz_auth_group` WHERE  (  id=23 ) LIMIT 1 [ RunTime:0.005030s ]
[ sql ] [ SQL ] SELECT `title` FROM `dz_auth_group` WHERE  (  id=23 ) LIMIT 1 [ RunTime:0.000278s ]
[ sql ] [ SQL ] SELECT `title` FROM `dz_auth_group` WHERE  (  id=23 ) LIMIT 1 [ RunTime:0.000327s ]
[ sql ] [ SQL ] SELECT `title` FROM `dz_auth_group` WHERE  (  id=23 ) LIMIT 1 [ RunTime:0.000292s ]
[ sql ] [ SQL ] SELECT `title` FROM `dz_auth_group` WHERE  (  id=23 ) LIMIT 1 [ RunTime:0.000379s ]
[ sql ] [ SQL ] SELECT `title` FROM `dz_auth_group` WHERE  (  id=23 ) LIMIT 1 [ RunTime:0.000263s ]
[ sql ] [ SQL ] SELECT `title` FROM `dz_auth_group` WHERE  (  id=23 ) LIMIT 1 [ RunTime:0.000259s ]
[ sql ] [ SQL ] SELECT `title` FROM `dz_auth_group` WHERE  (  id=23 ) LIMIT 1 [ RunTime:0.000311s ]
[ sql ] [ SQL ] SELECT `title` FROM `dz_auth_group` WHERE  (  id=23 ) LIMIT 1 [ RunTime:0.000332s ]
[ sql ] [ SQL ] SELECT `title` FROM `dz_auth_group` WHERE  (  id=23 ) LIMIT 1 [ RunTime:0.000309s ]
[ sql ] [ SQL ] SELECT `title` FROM `dz_auth_group` WHERE  (  id=23 ) LIMIT 1 [ RunTime:0.000247s ]
[ sql ] [ SQL ] SELECT `title` FROM `dz_auth_group` WHERE  (  id=23 ) LIMIT 1 [ RunTime:0.000191s ]
[ sql ] [ SQL ] SELECT `title` FROM `dz_auth_group` WHERE  (  id=23 ) LIMIT 1 [ RunTime:0.000279s ]

---------------------------------------------------------------
[ 2017-12-11T16:25:06+08:00 ] 127.0.0.1 127.0.0.1 POST /url
[ log ] www.ttt.com/url [运行时间：0.037027s][吞吐率：27.01req/s] [内存消耗：1,553.15kb] [文件加载：40]
[ info ] [ LANG ] D:\phpStudy\WWW\new\dzcms\thinkphp\lang\zh-cn.php
[ info ] [ ROUTE ] array (
  'type' => 'module',
  'module' => 
  array (
    0 => 'url',
    1 => NULL,
    2 => NULL,
  ),
)
[ info ] [ HEADER ] array (
  'host' => 'www.ttt.com',
  'user-agent' => 'Mozilla/5.0 (Windows NT 10.0; Win64; x64; rv:57.0) Gecko/20100101 Firefox/57.0',
  'accept' => '*/*',
  'accept-language' => 'zh-CN,zh;q=0.8,zh-TW;q=0.7,zh-HK;q=0.5,en-US;q=0.3,en;q=0.2',
  'accept-encoding' => 'gzip, deflate',
  'referer' => 'http://www.ttt.com/admin.php',
  'x-requested-with' => 'XMLHttpRequest',
  'cookie' => 'Hm_lvt_882e83434a44472d71512d53a8218124=1509694550; GUID=fc9490b7-ad29-4f06-a83f-e91ff7d0eab3; vct=4; PHPSESSID=013mi19js20pu7l5dvgcg20u47',
  'connection' => 'keep-alive',
  'content-length' => '0',
)
[ info ] [ PARAM ] array (
)
[ info ] [ LOG ] INIT File

---------------------------------------------------------------
[ 2017-12-11T16:25:06+08:00 ] 127.0.0.1 127.0.0.1 GET /welcome.html
[ log ] www.ttt.com/welcome.html [运行时间：0.281839s][吞吐率：3.55req/s] [内存消耗：2,673.36kb] [文件加载：53]
[ info ] [ LANG ] D:\phpStudy\WWW\new\dzcms\thinkphp\lang\zh-cn.php
[ info ] [ ROUTE ] array (
  'type' => 'module',
  'module' => 
  array (
    0 => 'admin',
    1 => 'aduser',
    2 => 'welcome',
  ),
  'convert' => false,
)
[ info ] [ HEADER ] array (
  'host' => 'www.ttt.com',
  'user-agent' => 'Mozilla/5.0 (Windows NT 10.0; Win64; x64; rv:57.0) Gecko/20100101 Firefox/57.0',
  'accept' => 'text/html,application/xhtml+xml,application/xml;q=0.9,*/*;q=0.8',
  'accept-language' => 'zh-CN,zh;q=0.8,zh-TW;q=0.7,zh-HK;q=0.5,en-US;q=0.3,en;q=0.2',
  'accept-encoding' => 'gzip, deflate',
  'referer' => 'http://www.ttt.com/admin.php',
  'cookie' => 'Hm_lvt_882e83434a44472d71512d53a8218124=1509694550; GUID=fc9490b7-ad29-4f06-a83f-e91ff7d0eab3; vct=4; PHPSESSID=013mi19js20pu7l5dvgcg20u47',
  'connection' => 'keep-alive',
  'upgrade-insecure-requests' => '1',
)
[ info ] [ PARAM ] array (
)
[ info ] [ SESSION ] INIT array (
  'id' => '',
  'var_session_id' => '',
  'prefix' => 'think',
  'type' => '',
  'auto_start' => true,
)
[ info ] [ RUN ] app\admin\controller\Aduser->welcome[ D:\phpStudy\WWW\new\dzcms\application\admin\controller\Aduser.php ]
[ info ] [ DB ] INIT mysql
[ info ] [ DB ] INIT mysql
[ info ] [ DB ] INIT mysql
[ info ] [ VIEW ] ./admintpl/welcome.html [ array (
  0 => 'vo',
) ]
[ info ] [ LOG ] INIT File
[ sql ] [ DB ] CONNECT:[ UseTime:0.004494s ] mysql:dbname=lianxiyi;host=127.0.0.1;port=3306;charset=utf8
[ sql ] [ SQL ] SHOW COLUMNS FROM `dz_admin` [ RunTime:0.016605s ]
[ sql ] [ SQL ] SELECT * FROM `dz_admin` WHERE  (  id=76 ) LIMIT 1 [ RunTime:0.000620s ]
[ sql ] [ DB ] CONNECT:[ UseTime:0.001726s ] mysql:dbname=lianxiyi;host=127.0.0.1;port=3306;charset=utf8
[ sql ] [ SQL ] SHOW COLUMNS FROM `dz_news` [ RunTime:0.018072s ]
[ sql ] [ SQL ] SELECT COUNT(*) AS tp_count FROM `dz_news` LIMIT 1 [ RunTime:0.000420s ]
[ sql ] [ DB ] CONNECT:[ UseTime:0.002488s ] mysql:dbname=lianxiyi;host=127.0.0.1;port=3306;charset=utf8
[ sql ] [ SQL ] SHOW COLUMNS FROM `dz_auth_group` [ RunTime:0.024232s ]
[ sql ] [ SQL ] SELECT `title` FROM `dz_auth_group` WHERE  (  id=23 ) LIMIT 1 [ RunTime:0.000421s ]
[ sql ] [ SQL ] SELECT `title` FROM `dz_auth_group` WHERE  (  id=23 ) LIMIT 1 [ RunTime:0.000218s ]
[ sql ] [ SQL ] SELECT `title` FROM `dz_auth_group` WHERE  (  id=23 ) LIMIT 1 [ RunTime:0.000192s ]
[ sql ] [ SQL ] SELECT `title` FROM `dz_auth_group` WHERE  (  id=23 ) LIMIT 1 [ RunTime:0.000170s ]
[ sql ] [ SQL ] SELECT `title` FROM `dz_auth_group` WHERE  (  id=23 ) LIMIT 1 [ RunTime:0.000169s ]
[ sql ] [ SQL ] SELECT `title` FROM `dz_auth_group` WHERE  (  id=23 ) LIMIT 1 [ RunTime:0.000148s ]
[ sql ] [ SQL ] SELECT `title` FROM `dz_auth_group` WHERE  (  id=23 ) LIMIT 1 [ RunTime:0.000170s ]
[ sql ] [ SQL ] SELECT `title` FROM `dz_auth_group` WHERE  (  id=23 ) LIMIT 1 [ RunTime:0.000186s ]
[ sql ] [ SQL ] SELECT `title` FROM `dz_auth_group` WHERE  (  id=23 ) LIMIT 1 [ RunTime:0.000237s ]
[ sql ] [ SQL ] SELECT `title` FROM `dz_auth_group` WHERE  (  id=23 ) LIMIT 1 [ RunTime:0.000194s ]
[ sql ] [ SQL ] SELECT `title` FROM `dz_auth_group` WHERE  (  id=23 ) LIMIT 1 [ RunTime:0.000222s ]
[ sql ] [ SQL ] SELECT `title` FROM `dz_auth_group` WHERE  (  id=23 ) LIMIT 1 [ RunTime:0.000203s ]
[ sql ] [ SQL ] SELECT `title` FROM `dz_auth_group` WHERE  (  id=23 ) LIMIT 1 [ RunTime:0.000178s ]
[ sql ] [ SQL ] SELECT `title` FROM `dz_auth_group` WHERE  (  id=23 ) LIMIT 1 [ RunTime:0.000191s ]

---------------------------------------------------------------
[ 2017-12-11T16:25:14+08:00 ] 127.0.0.1 127.0.0.1 GET /admin.php/index
[ log ] www.ttt.com/admin.php/index [运行时间：0.132126s][吞吐率：7.57req/s] [内存消耗：2,598.02kb] [文件加载：54]
[ info ] [ LANG ] D:\phpStudy\WWW\new\dzcms\thinkphp\lang\zh-cn.php
[ info ] [ BIND ] 'admin'
[ info ] [ ROUTE ] array (
  'type' => 'module',
  'module' => 
  array (
    0 => 'admin',
    1 => 'index',
    2 => NULL,
  ),
)
[ info ] [ HEADER ] array (
  'host' => 'www.ttt.com',
  'user-agent' => 'Mozilla/5.0 (Windows NT 10.0; Win64; x64; rv:57.0) Gecko/20100101 Firefox/57.0',
  'accept' => 'text/html,application/xhtml+xml,application/xml;q=0.9,*/*;q=0.8',
  'accept-language' => 'zh-CN,zh;q=0.8,zh-TW;q=0.7,zh-HK;q=0.5,en-US;q=0.3,en;q=0.2',
  'accept-encoding' => 'gzip, deflate',
  'cookie' => 'Hm_lvt_882e83434a44472d71512d53a8218124=1509694550; GUID=fc9490b7-ad29-4f06-a83f-e91ff7d0eab3; vct=4; PHPSESSID=013mi19js20pu7l5dvgcg20u47',
  'connection' => 'keep-alive',
  'upgrade-insecure-requests' => '1',
)
[ info ] [ PARAM ] array (
)
[ info ] [ SESSION ] INIT array (
  'id' => '',
  'var_session_id' => '',
  'prefix' => 'think',
  'type' => '',
  'auto_start' => true,
)
[ info ] [ RUN ] app\admin\controller\Index->index[ D:\phpStudy\WWW\new\dzcms\application\admin\controller\Index.php ]
[ info ] [ DB ] INIT mysql
[ info ] [ DB ] INIT mysql
[ info ] [ VIEW ] ./admintpl/index.html [ array (
  0 => 'vo',
) ]
[ info ] [ LOG ] INIT File
[ sql ] [ DB ] CONNECT:[ UseTime:0.011209s ] mysql:dbname=lianxiyi;host=127.0.0.1;port=3306;charset=utf8
[ sql ] [ SQL ] SHOW COLUMNS FROM `dz_admin` [ RunTime:0.018740s ]
[ sql ] [ SQL ] SELECT * FROM `dz_admin` WHERE  (  id=76 ) LIMIT 1 [ RunTime:0.000544s ]
[ sql ] [ DB ] CONNECT:[ UseTime:0.011241s ] mysql:dbname=lianxiyi;host=127.0.0.1;port=3306;charset=utf8
[ sql ] [ SQL ] SHOW COLUMNS FROM `dz_auth_group` [ RunTime:0.014186s ]
[ sql ] [ SQL ] SELECT `title` FROM `dz_auth_group` WHERE  (  id=23 ) LIMIT 1 [ RunTime:0.000454s ]
[ sql ] [ SQL ] SELECT `title` FROM `dz_auth_group` WHERE  (  id=23 ) LIMIT 1 [ RunTime:0.000213s ]
[ sql ] [ SQL ] SELECT `title` FROM `dz_auth_group` WHERE  (  id=23 ) LIMIT 1 [ RunTime:0.000246s ]
[ sql ] [ SQL ] SELECT `title` FROM `dz_auth_group` WHERE  (  id=23 ) LIMIT 1 [ RunTime:0.000321s ]
[ sql ] [ SQL ] SELECT `title` FROM `dz_auth_group` WHERE  (  id=23 ) LIMIT 1 [ RunTime:0.000238s ]
[ sql ] [ SQL ] SELECT `title` FROM `dz_auth_group` WHERE  (  id=23 ) LIMIT 1 [ RunTime:0.000220s ]
[ sql ] [ SQL ] SELECT `title` FROM `dz_auth_group` WHERE  (  id=23 ) LIMIT 1 [ RunTime:0.000214s ]
[ sql ] [ SQL ] SELECT `title` FROM `dz_auth_group` WHERE  (  id=23 ) LIMIT 1 [ RunTime:0.000302s ]
[ sql ] [ SQL ] SELECT `title` FROM `dz_auth_group` WHERE  (  id=23 ) LIMIT 1 [ RunTime:0.000232s ]
[ sql ] [ SQL ] SELECT `title` FROM `dz_auth_group` WHERE  (  id=23 ) LIMIT 1 [ RunTime:0.000215s ]
[ sql ] [ SQL ] SELECT `title` FROM `dz_auth_group` WHERE  (  id=23 ) LIMIT 1 [ RunTime:0.000192s ]
[ sql ] [ SQL ] SELECT `title` FROM `dz_auth_group` WHERE  (  id=23 ) LIMIT 1 [ RunTime:0.000193s ]
[ sql ] [ SQL ] SELECT `title` FROM `dz_auth_group` WHERE  (  id=23 ) LIMIT 1 [ RunTime:0.000158s ]

---------------------------------------------------------------
[ 2017-12-11T16:25:14+08:00 ] 127.0.0.1 127.0.0.1 GET /admin.php/welcome.html
[ log ] www.ttt.com/admin.php/welcome.html [运行时间：0.155346s][吞吐率：6.44req/s] [内存消耗：2,673.70kb] [文件加载：53]
[ info ] [ LANG ] D:\phpStudy\WWW\new\dzcms\thinkphp\lang\zh-cn.php
[ info ] [ BIND ] 'admin'
[ info ] [ ROUTE ] array (
  'type' => 'module',
  'module' => 
  array (
    0 => 'admin',
    1 => 'aduser',
    2 => 'welcome',
  ),
  'convert' => false,
)
[ info ] [ HEADER ] array (
  'host' => 'www.ttt.com',
  'user-agent' => 'Mozilla/5.0 (Windows NT 10.0; Win64; x64; rv:57.0) Gecko/20100101 Firefox/57.0',
  'accept' => 'text/html,application/xhtml+xml,application/xml;q=0.9,*/*;q=0.8',
  'accept-language' => 'zh-CN,zh;q=0.8,zh-TW;q=0.7,zh-HK;q=0.5,en-US;q=0.3,en;q=0.2',
  'accept-encoding' => 'gzip, deflate',
  'referer' => 'http://www.ttt.com/admin.php/index',
  'cookie' => 'Hm_lvt_882e83434a44472d71512d53a8218124=1509694550; GUID=fc9490b7-ad29-4f06-a83f-e91ff7d0eab3; vct=4; PHPSESSID=013mi19js20pu7l5dvgcg20u47',
  'connection' => 'keep-alive',
  'upgrade-insecure-requests' => '1',
)
[ info ] [ PARAM ] array (
)
[ info ] [ SESSION ] INIT array (
  'id' => '',
  'var_session_id' => '',
  'prefix' => 'think',
  'type' => '',
  'auto_start' => true,
)
[ info ] [ RUN ] app\admin\controller\Aduser->welcome[ D:\phpStudy\WWW\new\dzcms\application\admin\controller\Aduser.php ]
[ info ] [ DB ] INIT mysql
[ info ] [ DB ] INIT mysql
[ info ] [ DB ] INIT mysql
[ info ] [ VIEW ] ./admintpl/welcome.html [ array (
  0 => 'vo',
) ]
[ info ] [ LOG ] INIT File
[ sql ] [ DB ] CONNECT:[ UseTime:0.001736s ] mysql:dbname=lianxiyi;host=127.0.0.1;port=3306;charset=utf8
[ sql ] [ SQL ] SHOW COLUMNS FROM `dz_admin` [ RunTime:0.026300s ]
[ sql ] [ SQL ] SELECT * FROM `dz_admin` WHERE  (  id=76 ) LIMIT 1 [ RunTime:0.000553s ]
[ sql ] [ DB ] CONNECT:[ UseTime:0.001296s ] mysql:dbname=lianxiyi;host=127.0.0.1;port=3306;charset=utf8
[ sql ] [ SQL ] SHOW COLUMNS FROM `dz_news` [ RunTime:0.026634s ]
[ sql ] [ SQL ] SELECT COUNT(*) AS tp_count FROM `dz_news` LIMIT 1 [ RunTime:0.000339s ]
[ sql ] [ DB ] CONNECT:[ UseTime:0.001495s ] mysql:dbname=lianxiyi;host=127.0.0.1;port=3306;charset=utf8
[ sql ] [ SQL ] SHOW COLUMNS FROM `dz_auth_group` [ RunTime:0.021385s ]
[ sql ] [ SQL ] SELECT `title` FROM `dz_auth_group` WHERE  (  id=23 ) LIMIT 1 [ RunTime:0.000413s ]
[ sql ] [ SQL ] SELECT `title` FROM `dz_auth_group` WHERE  (  id=23 ) LIMIT 1 [ RunTime:0.000185s ]
[ sql ] [ SQL ] SELECT `title` FROM `dz_auth_group` WHERE  (  id=23 ) LIMIT 1 [ RunTime:0.000162s ]
[ sql ] [ SQL ] SELECT `title` FROM `dz_auth_group` WHERE  (  id=23 ) LIMIT 1 [ RunTime:0.000238s ]
[ sql ] [ SQL ] SELECT `title` FROM `dz_auth_group` WHERE  (  id=23 ) LIMIT 1 [ RunTime:0.000182s ]
[ sql ] [ SQL ] SELECT `title` FROM `dz_auth_group` WHERE  (  id=23 ) LIMIT 1 [ RunTime:0.000211s ]
[ sql ] [ SQL ] SELECT `title` FROM `dz_auth_group` WHERE  (  id=23 ) LIMIT 1 [ RunTime:0.000413s ]
[ sql ] [ SQL ] SELECT `title` FROM `dz_auth_group` WHERE  (  id=23 ) LIMIT 1 [ RunTime:0.000367s ]
[ sql ] [ SQL ] SELECT `title` FROM `dz_auth_group` WHERE  (  id=23 ) LIMIT 1 [ RunTime:0.000381s ]
[ sql ] [ SQL ] SELECT `title` FROM `dz_auth_group` WHERE  (  id=23 ) LIMIT 1 [ RunTime:0.000366s ]
[ sql ] [ SQL ] SELECT `title` FROM `dz_auth_group` WHERE  (  id=23 ) LIMIT 1 [ RunTime:0.000233s ]
[ sql ] [ SQL ] SELECT `title` FROM `dz_auth_group` WHERE  (  id=23 ) LIMIT 1 [ RunTime:0.000188s ]
[ sql ] [ SQL ] SELECT `title` FROM `dz_auth_group` WHERE  (  id=23 ) LIMIT 1 [ RunTime:0.000166s ]
[ sql ] [ SQL ] SELECT `title` FROM `dz_auth_group` WHERE  (  id=23 ) LIMIT 1 [ RunTime:0.000209s ]

---------------------------------------------------------------
[ 2017-12-11T16:25:14+08:00 ] 127.0.0.1 127.0.0.1 POST /admin.php/url
[ log ] www.ttt.com/admin.php/url [运行时间：0.039558s][吞吐率：25.28req/s] [内存消耗：1,811.45kb] [文件加载：46]
[ info ] [ LANG ] D:\phpStudy\WWW\new\dzcms\thinkphp\lang\zh-cn.php
[ info ] [ BIND ] 'admin'
[ info ] [ ROUTE ] array (
  'type' => 'module',
  'module' => 
  array (
    0 => 'admin',
    1 => 'url',
    2 => NULL,
  ),
)
[ info ] [ HEADER ] array (
  'host' => 'www.ttt.com',
  'user-agent' => 'Mozilla/5.0 (Windows NT 10.0; Win64; x64; rv:57.0) Gecko/20100101 Firefox/57.0',
  'accept' => '*/*',
  'accept-language' => 'zh-CN,zh;q=0.8,zh-TW;q=0.7,zh-HK;q=0.5,en-US;q=0.3,en;q=0.2',
  'accept-encoding' => 'gzip, deflate',
  'referer' => 'http://www.ttt.com/admin.php/index',
  'x-requested-with' => 'XMLHttpRequest',
  'cookie' => 'Hm_lvt_882e83434a44472d71512d53a8218124=1509694550; GUID=fc9490b7-ad29-4f06-a83f-e91ff7d0eab3; vct=4; PHPSESSID=013mi19js20pu7l5dvgcg20u47',
  'connection' => 'keep-alive',
  'content-length' => '0',
)
[ info ] [ PARAM ] array (
)
[ info ] [ SESSION ] INIT array (
  'id' => '',
  'var_session_id' => '',
  'prefix' => 'think',
  'type' => '',
  'auto_start' => true,
)
[ info ] [ RUN ] app\admin\controller\Error->index[ D:\phpStudy\WWW\new\dzcms\application\admin\controller\Error.php ]
[ info ] [ LOG ] INIT File

---------------------------------------------------------------
[ 2017-12-11T16:25:20+08:00 ] 127.0.0.1 127.0.0.1 GET /admin.php/index/l
[ log ] www.ttt.com/admin.php/index/l [运行时间：0.043695s][吞吐率：22.89req/s] [内存消耗：1,809.80kb] [文件加载：45]
[ info ] [ LANG ] D:\phpStudy\WWW\new\dzcms\thinkphp\lang\zh-cn.php
[ info ] [ BIND ] 'admin'
[ info ] [ ROUTE ] array (
  'type' => 'module',
  'module' => 
  array (
    0 => 'admin',
    1 => 'index',
    2 => 'l',
  ),
)
[ info ] [ HEADER ] array (
  'host' => 'www.ttt.com',
  'user-agent' => 'Mozilla/5.0 (Windows NT 10.0; Win64; x64; rv:57.0) Gecko/20100101 Firefox/57.0',
  'accept' => 'text/html,application/xhtml+xml,application/xml;q=0.9,*/*;q=0.8',
  'accept-language' => 'zh-CN,zh;q=0.8,zh-TW;q=0.7,zh-HK;q=0.5,en-US;q=0.3,en;q=0.2',
  'accept-encoding' => 'gzip, deflate',
  'cookie' => 'Hm_lvt_882e83434a44472d71512d53a8218124=1509694550; GUID=fc9490b7-ad29-4f06-a83f-e91ff7d0eab3; vct=4; PHPSESSID=013mi19js20pu7l5dvgcg20u47',
  'connection' => 'keep-alive',
  'upgrade-insecure-requests' => '1',
)
[ info ] [ PARAM ] array (
)
[ info ] [ SESSION ] INIT array (
  'id' => '',
  'var_session_id' => '',
  'prefix' => 'think',
  'type' => '',
  'auto_start' => true,
)
[ info ] [ RUN ] app\admin\controller\Index->_empty[ D:\phpStudy\WWW\new\dzcms\application\admin\controller\Index.php ]
[ info ] [ LOG ] INIT File

---------------------------------------------------------------
[ 2017-12-11T16:25:36+08:00 ] 127.0.0.1 127.0.0.1 GET /admin.php/news/l
[ log ] www.ttt.com/admin.php/news/l [运行时间：0.033341s][吞吐率：29.99req/s] [内存消耗：1,483.39kb] [文件加载：37]
[ info ] [ LANG ] D:\phpStudy\WWW\new\dzcms\thinkphp\lang\zh-cn.php
[ info ] [ BIND ] 'admin'
[ info ] [ ROUTE ] array (
  'type' => 'redirect',
  'url' => '/home/article/news',
  'status' => 301,
)
[ info ] [ HEADER ] array (
  'host' => 'www.ttt.com',
  'user-agent' => 'Mozilla/5.0 (Windows NT 10.0; Win64; x64; rv:57.0) Gecko/20100101 Firefox/57.0',
  'accept' => 'text/html,application/xhtml+xml,application/xml;q=0.9,*/*;q=0.8',
  'accept-language' => 'zh-CN,zh;q=0.8,zh-TW;q=0.7,zh-HK;q=0.5,en-US;q=0.3,en;q=0.2',
  'accept-encoding' => 'gzip, deflate',
  'cookie' => 'Hm_lvt_882e83434a44472d71512d53a8218124=1509694550; GUID=fc9490b7-ad29-4f06-a83f-e91ff7d0eab3; vct=4; PHPSESSID=013mi19js20pu7l5dvgcg20u47',
  'connection' => 'keep-alive',
  'upgrade-insecure-requests' => '1',
)
[ info ] [ PARAM ] array (
)
[ info ] [ LOG ] INIT File

---------------------------------------------------------------
[ 2017-12-11T16:25:37+08:00 ] 127.0.0.1 127.0.0.1 GET /home/article/news
[ log ] www.ttt.com/home/article/news [运行时间：0.341303s][吞吐率：2.93req/s] [内存消耗：2,558.07kb] [文件加载：56]
[ info ] [ LANG ] D:\phpStudy\WWW\new\dzcms\thinkphp\lang\zh-cn.php
[ info ] [ ROUTE ] array (
  'type' => 'module',
  'module' => 
  array (
    0 => 'home',
    1 => 'article',
    2 => 'news',
  ),
)
[ info ] [ HEADER ] array (
  'host' => 'www.ttt.com',
  'user-agent' => 'Mozilla/5.0 (Windows NT 10.0; Win64; x64; rv:57.0) Gecko/20100101 Firefox/57.0',
  'accept' => 'text/html,application/xhtml+xml,application/xml;q=0.9,*/*;q=0.8',
  'accept-language' => 'zh-CN,zh;q=0.8,zh-TW;q=0.7,zh-HK;q=0.5,en-US;q=0.3,en;q=0.2',
  'accept-encoding' => 'gzip, deflate',
  'cookie' => 'Hm_lvt_882e83434a44472d71512d53a8218124=1509694550; GUID=fc9490b7-ad29-4f06-a83f-e91ff7d0eab3; vct=4; PHPSESSID=013mi19js20pu7l5dvgcg20u47',
  'connection' => 'keep-alive',
  'upgrade-insecure-requests' => '1',
)
[ info ] [ PARAM ] array (
)
[ info ] [ RUN ] app\home\controller\Article->news[ D:\phpStudy\WWW\new\dzcms\application\home\controller\Article.php ]
[ info ] [ DB ] INIT mysql
[ info ] [ LOG ] INIT File
[ sql ] [ DB ] CONNECT:[ UseTime:0.001473s ] mysql:dbname=lianxiyi;host=127.0.0.1;port=3306;charset=utf8
[ sql ] [ SQL ] SHOW COLUMNS FROM `dz_news` [ RunTime:0.075462s ]
[ error ] [10501]SQLSTATE[42000]: Syntax error or access violation: 1064 You have an error in your SQL syntax; check the manual that corresponds to your MySQL server version for the right syntax to use near ') LIMIT 1' at line 1[D:\phpStudy\WWW\new\dzcms\thinkphp\library\think\db\Connection.php:383]

---------------------------------------------------------------
[ 2017-12-11T16:25:40+08:00 ] 127.0.0.1 127.0.0.1 GET /home/article/news
[ log ] www.ttt.com/home/article/news [运行时间：0.094271s][吞吐率：10.61req/s] [内存消耗：2,558.38kb] [文件加载：56]
[ info ] [ LANG ] D:\phpStudy\WWW\new\dzcms\thinkphp\lang\zh-cn.php
[ info ] [ ROUTE ] array (
  'type' => 'module',
  'module' => 
  array (
    0 => 'home',
    1 => 'article',
    2 => 'news',
  ),
)
[ info ] [ HEADER ] array (
  'host' => 'www.ttt.com',
  'user-agent' => 'Mozilla/5.0 (Windows NT 10.0; Win64; x64; rv:57.0) Gecko/20100101 Firefox/57.0',
  'accept' => 'text/html,application/xhtml+xml,application/xml;q=0.9,*/*;q=0.8',
  'accept-language' => 'zh-CN,zh;q=0.8,zh-TW;q=0.7,zh-HK;q=0.5,en-US;q=0.3,en;q=0.2',
  'accept-encoding' => 'gzip, deflate',
  'cookie' => 'Hm_lvt_882e83434a44472d71512d53a8218124=1509694550; GUID=fc9490b7-ad29-4f06-a83f-e91ff7d0eab3; vct=4; PHPSESSID=013mi19js20pu7l5dvgcg20u47',
  'connection' => 'keep-alive',
  'upgrade-insecure-requests' => '1',
  'cache-control' => 'max-age=0',
)
[ info ] [ PARAM ] array (
)
[ info ] [ RUN ] app\home\controller\Article->news[ D:\phpStudy\WWW\new\dzcms\application\home\controller\Article.php ]
[ info ] [ DB ] INIT mysql
[ info ] [ LOG ] INIT File
[ sql ] [ DB ] CONNECT:[ UseTime:0.012254s ] mysql:dbname=lianxiyi;host=127.0.0.1;port=3306;charset=utf8
[ sql ] [ SQL ] SHOW COLUMNS FROM `dz_news` [ RunTime:0.018463s ]
[ error ] [10501]SQLSTATE[42000]: Syntax error or access violation: 1064 You have an error in your SQL syntax; check the manual that corresponds to your MySQL server version for the right syntax to use near ') LIMIT 1' at line 1[D:\phpStudy\WWW\new\dzcms\thinkphp\library\think\db\Connection.php:383]

---------------------------------------------------------------
[ 2017-12-11T16:25:46+08:00 ] 127.0.0.1 127.0.0.1 GET /home/article/p
[ log ] www.ttt.com/home/article/p [运行时间：0.050709s][吞吐率：19.72req/s] [内存消耗：1,851.64kb] [文件加载：47]
[ info ] [ LANG ] D:\phpStudy\WWW\new\dzcms\thinkphp\lang\zh-cn.php
[ info ] [ ROUTE ] array (
  'type' => 'module',
  'module' => 
  array (
    0 => 'home',
    1 => 'article',
    2 => 'p',
  ),
)
[ info ] [ HEADER ] array (
  'host' => 'www.ttt.com',
  'user-agent' => 'Mozilla/5.0 (Windows NT 10.0; Win64; x64; rv:57.0) Gecko/20100101 Firefox/57.0',
  'accept' => 'text/html,application/xhtml+xml,application/xml;q=0.9,*/*;q=0.8',
  'accept-language' => 'zh-CN,zh;q=0.8,zh-TW;q=0.7,zh-HK;q=0.5,en-US;q=0.3,en;q=0.2',
  'accept-encoding' => 'gzip, deflate',
  'cookie' => 'Hm_lvt_882e83434a44472d71512d53a8218124=1509694550; GUID=fc9490b7-ad29-4f06-a83f-e91ff7d0eab3; vct=4; PHPSESSID=013mi19js20pu7l5dvgcg20u47',
  'connection' => 'keep-alive',
  'upgrade-insecure-requests' => '1',
)
[ info ] [ PARAM ] array (
)
[ info ] [ LOG ] INIT File

---------------------------------------------------------------
[ 2017-12-11T16:25:50+08:00 ] 127.0.0.1 127.0.0.1 GET /
[ log ] www.ttt.com/ [运行时间：0.293004s][吞吐率：3.41req/s] [内存消耗：2,851.88kb] [文件加载：53]
[ info ] [ LANG ] D:\phpStudy\WWW\new\dzcms\thinkphp\lang\zh-cn.php
[ info ] [ ROUTE ] array (
  'type' => 'module',
  'module' => 
  array (
    0 => '',
    1 => NULL,
    2 => NULL,
  ),
)
[ info ] [ HEADER ] array (
  'host' => 'www.ttt.com',
  'user-agent' => 'Mozilla/5.0 (Windows NT 10.0; Win64; x64; rv:57.0) Gecko/20100101 Firefox/57.0',
  'accept' => 'text/html,application/xhtml+xml,application/xml;q=0.9,*/*;q=0.8',
  'accept-language' => 'zh-CN,zh;q=0.8,zh-TW;q=0.7,zh-HK;q=0.5,en-US;q=0.3,en;q=0.2',
  'accept-encoding' => 'gzip, deflate',
  'cookie' => 'Hm_lvt_882e83434a44472d71512d53a8218124=1509694550; GUID=fc9490b7-ad29-4f06-a83f-e91ff7d0eab3; vct=4; PHPSESSID=013mi19js20pu7l5dvgcg20u47',
  'connection' => 'keep-alive',
  'upgrade-insecure-requests' => '1',
)
[ info ] [ PARAM ] array (
)
[ info ] [ RUN ] app\home\controller\Index->index[ D:\phpStudy\WWW\new\dzcms\application\home\controller\Index.php ]
[ info ] [ DB ] INIT mysql
[ info ] [ VIEW ] templates/lf/index.html [ array (
  0 => 'pages',
  1 => 'cateid',
) ]
[ info ] [ DB ] INIT mysql
[ info ] [ DB ] INIT mysql
[ info ] [ DB ] INIT mysql
[ info ] [ DB ] INIT mysql
[ info ] [ DB ] INIT mysql
[ info ] [ DB ] INIT mysql
[ info ] [ DB ] INIT mysql
[ info ] [ DB ] INIT mysql
[ info ] [ DB ] INIT mysql
[ info ] [ DB ] INIT mysql
[ info ] [ LOG ] INIT File
[ sql ] [ DB ] CONNECT:[ UseTime:0.011493s ] mysql:dbname=lianxiyi;host=127.0.0.1;port=3306;charset=utf8
[ sql ] [ SQL ] SHOW COLUMNS FROM `dz_basics` [ RunTime:0.017417s ]
[ sql ] [ SQL ] SELECT `styles` FROM `dz_basics` LIMIT 1 [ RunTime:0.000666s ]
[ sql ] [ DB ] CONNECT:[ UseTime:0.001666s ] mysql:dbname=lianxiyi;host=127.0.0.1;port=3306;charset=utf8
[ sql ] [ SQL ] SHOW COLUMNS FROM `dz_category` [ RunTime:0.016931s ]
[ sql ] [ SQL ] SELECT catename as title,`url`,`id`,`letter`,`inputtime`,`parentid`,`image`,`description` FROM `dz_category` WHERE  (  1=1 and ismenu=2 and isdel=0 and parentid=0 ) ORDER BY id asc [ RunTime:0.000744s ]
[ sql ] [ DB ] CONNECT:[ UseTime:0.001700s ] mysql:dbname=lianxiyi;host=127.0.0.1;port=3306;charset=utf8
[ sql ] [ SQL ] SHOW COLUMNS FROM `dz_news` [ RunTime:0.087861s ]
[ sql ] [ SQL ] SELECT * FROM `dz_news` WHERE  (  1=1 and cateid in (5) ) ORDER BY id asc LIMIT 0,3 [ RunTime:0.000829s ]
[ sql ] [ DB ] CONNECT:[ UseTime:0.011197s ] mysql:dbname=lianxiyi;host=127.0.0.1;port=3306;charset=utf8
[ sql ] [ SQL ] SELECT * FROM `dz_category` WHERE  (  id=5 ) LIMIT 1 [ RunTime:0.000656s ]
[ sql ] [ DB ] CONNECT:[ UseTime:0.010749s ] mysql:dbname=lianxiyi;host=127.0.0.1;port=3306;charset=utf8
[ sql ] [ SQL ] SELECT * FROM `dz_news` WHERE  (  1=1 and cateid in (3) ) ORDER BY id asc [ RunTime:0.000745s ]
[ sql ] [ DB ] CONNECT:[ UseTime:0.011549s ] mysql:dbname=lianxiyi;host=127.0.0.1;port=3306;charset=utf8
[ sql ] [ SQL ] SELECT * FROM `dz_category` WHERE  (  id=3 ) LIMIT 1 [ RunTime:0.000752s ]
[ sql ] [ DB ] CONNECT:[ UseTime:0.001475s ] mysql:dbname=lianxiyi;host=127.0.0.1;port=3306;charset=utf8
[ sql ] [ SQL ] SELECT * FROM `dz_category` WHERE  (  id=3 ) LIMIT 1 [ RunTime:0.000648s ]
[ sql ] [ DB ] CONNECT:[ UseTime:0.011060s ] mysql:dbname=lianxiyi;host=127.0.0.1;port=3306;charset=utf8
[ sql ] [ SQL ] SELECT * FROM `dz_category` WHERE  (  id=3 ) LIMIT 1 [ RunTime:0.000705s ]
[ sql ] [ DB ] CONNECT:[ UseTime:0.011444s ] mysql:dbname=lianxiyi;host=127.0.0.1;port=3306;charset=utf8
[ sql ] [ SQL ] SELECT * FROM `dz_category` WHERE  (  id=3 ) LIMIT 1 [ RunTime:0.000665s ]
[ sql ] [ DB ] CONNECT:[ UseTime:0.001770s ] mysql:dbname=lianxiyi;host=127.0.0.1;port=3306;charset=utf8
[ sql ] [ SQL ] SELECT * FROM `dz_category` WHERE  (  id=3 ) LIMIT 1 [ RunTime:0.000769s ]
[ sql ] [ DB ] CONNECT:[ UseTime:0.010926s ] mysql:dbname=lianxiyi;host=127.0.0.1;port=3306;charset=utf8
[ sql ] [ SQL ] SHOW COLUMNS FROM `dz_friendlink` [ RunTime:0.015834s ]
[ sql ] [ SQL ] SELECT * FROM `dz_friendlink` WHERE  (  photo is not null ) ORDER BY id asc [ RunTime:0.000699s ]

---------------------------------------------------------------
[ 2017-12-11T16:28:15+08:00 ] 127.0.0.1 127.0.0.1 GET /
[ log ] www.ttt.com/ [运行时间：0.269271s][吞吐率：3.71req/s] [内存消耗：2,851.88kb] [文件加载：53]
[ info ] [ LANG ] D:\phpStudy\WWW\new\dzcms\thinkphp\lang\zh-cn.php
[ info ] [ ROUTE ] array (
  'type' => 'module',
  'module' => 
  array (
    0 => '',
    1 => NULL,
    2 => NULL,
  ),
)
[ info ] [ HEADER ] array (
  'host' => 'www.ttt.com',
  'user-agent' => 'Mozilla/5.0 (Windows NT 10.0; Win64; x64; rv:57.0) Gecko/20100101 Firefox/57.0',
  'accept' => 'text/html,application/xhtml+xml,application/xml;q=0.9,*/*;q=0.8',
  'accept-language' => 'zh-CN,zh;q=0.8,zh-TW;q=0.7,zh-HK;q=0.5,en-US;q=0.3,en;q=0.2',
  'accept-encoding' => 'gzip, deflate',
  'referer' => 'http://www.ttt.com/',
  'cookie' => 'Hm_lvt_882e83434a44472d71512d53a8218124=1509694550; GUID=fc9490b7-ad29-4f06-a83f-e91ff7d0eab3; vct=4; PHPSESSID=013mi19js20pu7l5dvgcg20u47',
  'connection' => 'keep-alive',
  'upgrade-insecure-requests' => '1',
)
[ info ] [ PARAM ] array (
)
[ info ] [ RUN ] app\home\controller\Index->index[ D:\phpStudy\WWW\new\dzcms\application\home\controller\Index.php ]
[ info ] [ DB ] INIT mysql
[ info ] [ VIEW ] templates/lf/index.html [ array (
  0 => 'pages',
  1 => 'cateid',
) ]
[ info ] [ DB ] INIT mysql
[ info ] [ DB ] INIT mysql
[ info ] [ DB ] INIT mysql
[ info ] [ DB ] INIT mysql
[ info ] [ DB ] INIT mysql
[ info ] [ DB ] INIT mysql
[ info ] [ DB ] INIT mysql
[ info ] [ DB ] INIT mysql
[ info ] [ DB ] INIT mysql
[ info ] [ DB ] INIT mysql
[ info ] [ LOG ] INIT File
[ sql ] [ DB ] CONNECT:[ UseTime:0.001359s ] mysql:dbname=lianxiyi;host=127.0.0.1;port=3306;charset=utf8
[ sql ] [ SQL ] SHOW COLUMNS FROM `dz_basics` [ RunTime:0.121486s ]
[ sql ] [ SQL ] SELECT `styles` FROM `dz_basics` LIMIT 1 [ RunTime:0.000514s ]
[ sql ] [ DB ] CONNECT:[ UseTime:0.001638s ] mysql:dbname=lianxiyi;host=127.0.0.1;port=3306;charset=utf8
[ sql ] [ SQL ] SHOW COLUMNS FROM `dz_category` [ RunTime:0.025220s ]
[ sql ] [ SQL ] SELECT catename as title,`url`,`id`,`letter`,`inputtime`,`parentid`,`image`,`description` FROM `dz_category` WHERE  (  1=1 and ismenu=2 and isdel=0 and parentid=0 ) ORDER BY id asc [ RunTime:0.000823s ]
[ sql ] [ DB ] CONNECT:[ UseTime:0.001221s ] mysql:dbname=lianxiyi;host=127.0.0.1;port=3306;charset=utf8
[ sql ] [ SQL ] SHOW COLUMNS FROM `dz_news` [ RunTime:0.015085s ]
[ sql ] [ SQL ] SELECT * FROM `dz_news` WHERE  (  1=1 and cateid in (5) ) ORDER BY id asc LIMIT 0,3 [ RunTime:0.000718s ]
[ sql ] [ DB ] CONNECT:[ UseTime:0.001388s ] mysql:dbname=lianxiyi;host=127.0.0.1;port=3306;charset=utf8
[ sql ] [ SQL ] SELECT * FROM `dz_category` WHERE  (  id=5 ) LIMIT 1 [ RunTime:0.000561s ]
[ sql ] [ DB ] CONNECT:[ UseTime:0.010724s ] mysql:dbname=lianxiyi;host=127.0.0.1;port=3306;charset=utf8
[ sql ] [ SQL ] SELECT * FROM `dz_news` WHERE  (  1=1 and cateid in (3) ) ORDER BY id asc [ RunTime:0.000796s ]
[ sql ] [ DB ] CONNECT:[ UseTime:0.001178s ] mysql:dbname=lianxiyi;host=127.0.0.1;port=3306;charset=utf8
[ sql ] [ SQL ] SELECT * FROM `dz_category` WHERE  (  id=3 ) LIMIT 1 [ RunTime:0.000414s ]
[ sql ] [ DB ] CONNECT:[ UseTime:0.000874s ] mysql:dbname=lianxiyi;host=127.0.0.1;port=3306;charset=utf8
[ sql ] [ SQL ] SELECT * FROM `dz_category` WHERE  (  id=3 ) LIMIT 1 [ RunTime:0.000423s ]
[ sql ] [ DB ] CONNECT:[ UseTime:0.000854s ] mysql:dbname=lianxiyi;host=127.0.0.1;port=3306;charset=utf8
[ sql ] [ SQL ] SELECT * FROM `dz_category` WHERE  (  id=3 ) LIMIT 1 [ RunTime:0.000432s ]
[ sql ] [ DB ] CONNECT:[ UseTime:0.001555s ] mysql:dbname=lianxiyi;host=127.0.0.1;port=3306;charset=utf8
[ sql ] [ SQL ] SELECT * FROM `dz_category` WHERE  (  id=3 ) LIMIT 1 [ RunTime:0.000458s ]
[ sql ] [ DB ] CONNECT:[ UseTime:0.001318s ] mysql:dbname=lianxiyi;host=127.0.0.1;port=3306;charset=utf8
[ sql ] [ SQL ] SELECT * FROM `dz_category` WHERE  (  id=3 ) LIMIT 1 [ RunTime:0.000461s ]
[ sql ] [ DB ] CONNECT:[ UseTime:0.001181s ] mysql:dbname=lianxiyi;host=127.0.0.1;port=3306;charset=utf8
[ sql ] [ SQL ] SHOW COLUMNS FROM `dz_friendlink` [ RunTime:0.017987s ]
[ sql ] [ SQL ] SELECT * FROM `dz_friendlink` WHERE  (  photo is not null ) ORDER BY id asc [ RunTime:0.000619s ]

---------------------------------------------------------------
